[    0.000000] Linux version 4.15.0-162-generic (buildd@lcy01-amd64-007) (gcc version 7.5.0 (Ubuntu 7.5.0-3ubuntu1~18.04)) #170-Ubuntu SMP Mon Oct 18 11:38:05 UTC 2021 (Ubuntu 4.15.0-162.170-generic 4.15.18)
[    0.000000] Command line: BOOT_IMAGE=/boot/vmlinuz-4.15.0-162-generic root=LABEL=cloudimg-rootfs ro console=tty1 console=ttyS0
[    0.000000] KERNEL supported cpus:
[    0.000000]   Intel GenuineIntel
[    0.000000]   AMD AuthenticAMD
[    0.000000]   Centaur CentaurHauls
[    0.000000] x86/fpu: x87 FPU will use FXSAVE
[    0.000000] e820: BIOS-provided physical RAM map:
[    0.000000] BIOS-e820: [mem 0x0000000000000000-0x000000000009fbff] usable
[    0.000000] BIOS-e820: [mem 0x000000000009fc00-0x000000000009ffff] reserved
[    0.000000] BIOS-e820: [mem 0x00000000000f0000-0x00000000000fffff] reserved
[    0.000000] BIOS-e820: [mem 0x0000000000100000-0x000000003ffeffff] usable
[    0.000000] BIOS-e820: [mem 0x000000003fff0000-0x000000003fffffff] ACPI data
[    0.000000] BIOS-e820: [mem 0x00000000fec00000-0x00000000fec00fff] reserved
[    0.000000] BIOS-e820: [mem 0x00000000fee00000-0x00000000fee00fff] reserved
[    0.000000] BIOS-e820: [mem 0x00000000fffc0000-0x00000000ffffffff] reserved
[    0.000000] NX (Execute Disable) protection: active
[    0.000000] SMBIOS 2.5 present.
[    0.000000] DMI: innotek GmbH VirtualBox/VirtualBox, BIOS VirtualBox 12/01/2006
[    0.000000] Hypervisor detected: KVM
[    0.000000] e820: last_pfn = 0x3fff0 max_arch_pfn = 0x400000000
[    0.000000] MTRR: Disabled
[    0.000000] x86/PAT: MTRRs disabled, skipping PAT initialization too.
[    0.000000] CPU MTRRs all blank - virtualized system.
[    0.000000] x86/PAT: Configuration [0-7]: WB  WT  UC- UC  WB  WT  UC- UC  
[    0.000000] found SMP MP-table at [mem 0x0009fff0-0x0009ffff]
[    0.000000] Scanning 1 areas for low memory corruption
[    0.000000] RAMDISK: [mem 0x359cd000-0x36cddfff]
[    0.000000] ACPI: Early table checksum verification disabled
[    0.000000] ACPI: RSDP 0x00000000000E0000 000024 (v02 VBOX  )
[    0.000000] ACPI: XSDT 0x000000003FFF0030 00003C (v01 VBOX   VBOXXSDT 00000001 ASL  00000061)
[    0.000000] ACPI: FACP 0x000000003FFF00F0 0000F4 (v04 VBOX   VBOXFACP 00000001 ASL  00000061)
[    0.000000] ACPI: DSDT 0x000000003FFF0470 002325 (v02 VBOX   VBOXBIOS 00000002 INTL 20100528)
[    0.000000] ACPI: FACS 0x000000003FFF0200 000040
[    0.000000] ACPI: FACS 0x000000003FFF0200 000040
[    0.000000] ACPI: APIC 0x000000003FFF0240 00005C (v02 VBOX   VBOXAPIC 00000001 ASL  00000061)
[    0.000000] ACPI: SSDT 0x000000003FFF02A0 0001CC (v01 VBOX   VBOXCPUT 00000002 INTL 20100528)
[    0.000000] ACPI: Reserving FACP table memory at [mem 0x3fff00f0-0x3fff01e3]
[    0.000000] ACPI: Reserving DSDT table memory at [mem 0x3fff0470-0x3fff2794]
[    0.000000] ACPI: Reserving FACS table memory at [mem 0x3fff0200-0x3fff023f]
[    0.000000] ACPI: Reserving FACS table memory at [mem 0x3fff0200-0x3fff023f]
[    0.000000] ACPI: Reserving APIC table memory at [mem 0x3fff0240-0x3fff029b]
[    0.000000] ACPI: Reserving SSDT table memory at [mem 0x3fff02a0-0x3fff046b]
[    0.000000] No NUMA configuration found
[    0.000000] Faking a node at [mem 0x0000000000000000-0x000000003ffeffff]
[    0.000000] NODE_DATA(0) allocated [mem 0x3ffc5000-0x3ffeffff]
[    0.000000] kvm-clock: cpu 0, msr 0:3ff44001, primary cpu clock
[    0.000000] kvm-clock: Using msrs 4b564d01 and 4b564d00
[    0.000000] kvm-clock: using sched offset of 4870060368 cycles
[    0.000000] clocksource: kvm-clock: mask: 0xffffffffffffffff max_cycles: 0x1cd42e4dffb, max_idle_ns: 881590591483 ns
[    0.000000] Zone ranges:
[    0.000000]   DMA      [mem 0x0000000000001000-0x0000000000ffffff]
[    0.000000]   DMA32    [mem 0x0000000001000000-0x000000003ffeffff]
[    0.000000]   Normal   empty
[    0.000000]   Device   empty
[    0.000000] Movable zone start for each node
[    0.000000] Early memory node ranges
[    0.000000]   node   0: [mem 0x0000000000001000-0x000000000009efff]
[    0.000000]   node   0: [mem 0x0000000000100000-0x000000003ffeffff]
[    0.000000] Reserved but unavailable: 104 pages
[    0.000000] Initmem setup node 0 [mem 0x0000000000001000-0x000000003ffeffff]
[    0.000000] ACPI: PM-Timer IO Port: 0x4008
[    0.000000] IOAPIC[0]: apic_id 2, version 32, address 0xfec00000, GSI 0-23
[    0.000000] ACPI: INT_SRC_OVR (bus 0 bus_irq 0 global_irq 2 dfl dfl)
[    0.000000] ACPI: INT_SRC_OVR (bus 0 bus_irq 9 global_irq 9 low level)
[    0.000000] Using ACPI (MADT) for SMP configuration information
[    0.000000] smpboot: Allowing 2 CPUs, 0 hotplug CPUs
[    0.000000] PM: Registered nosave memory: [mem 0x00000000-0x00000fff]
[    0.000000] PM: Registered nosave memory: [mem 0x0009f000-0x0009ffff]
[    0.000000] PM: Registered nosave memory: [mem 0x000a0000-0x000effff]
[    0.000000] PM: Registered nosave memory: [mem 0x000f0000-0x000fffff]
[    0.000000] e820: [mem 0x40000000-0xfebfffff] available for PCI devices
[    0.000000] Booting paravirtualized kernel on KVM
[    0.000000] clocksource: refined-jiffies: mask: 0xffffffff max_cycles: 0xffffffff, max_idle_ns: 7645519600211568 ns
[    0.000000] random: get_random_bytes called from start_kernel+0x99/0x500 with crng_init=0
[    0.000000] setup_percpu: NR_CPUS:8192 nr_cpumask_bits:2 nr_cpu_ids:2 nr_node_ids:1
[    0.000000] percpu: Embedded 45 pages/cpu s147456 r8192 d28672 u1048576
[    0.000000] PV qspinlock hash table entries: 256 (order: 0, 4096 bytes)
[    0.000000] Built 1 zonelists, mobility grouping on.  Total pages: 257913
[    0.000000] Policy zone: DMA32
[    0.000000] Kernel command line: BOOT_IMAGE=/boot/vmlinuz-4.15.0-162-generic root=LABEL=cloudimg-rootfs ro console=tty1 console=ttyS0
[    0.000000] Memory: 982712K/1048120K available (12300K kernel code, 2483K rwdata, 4320K rodata, 2448K init, 2724K bss, 65408K reserved, 0K cma-reserved)
[    0.000000] SLUB: HWalign=64, Order=0-3, MinObjects=0, CPUs=2, Nodes=1
[    0.000000] ftrace: allocating 39475 entries in 155 pages
[    0.004000] Hierarchical RCU implementation.
[    0.004000] 	RCU restricting CPUs from NR_CPUS=8192 to nr_cpu_ids=2.
[    0.004000] 	Tasks RCU enabled.
[    0.004000] RCU: Adjusting geometry for rcu_fanout_leaf=16, nr_cpu_ids=2
[    0.004000] NR_IRQS: 524544, nr_irqs: 440, preallocated irqs: 16
[    0.004000] Console: colour VGA+ 80x25
[    0.004000] console [tty1] enabled
[    0.004000] console [ttyS0] enabled
[    0.004000] ACPI: Core revision 20170831
[    0.004000] ACPI: 2 ACPI AML tables successfully acquired and loaded
[    0.004000] APIC: Switch to symmetric I/O mode setup
[    0.004000] ..TIMER: vector=0x30 apic1=0 pin1=2 apic2=-1 pin2=-1
[    0.004005] tsc: Detected 2803.210 MHz processor
[    0.008011] Calibrating delay loop (skipped) preset value.. 5606.42 BogoMIPS (lpj=11212840)
[    0.012006] pid_max: default: 32768 minimum: 301
[    0.016234] Security Framework initialized
[    0.020006] Yama: becoming mindful.
[    0.024127] AppArmor: AppArmor initialized
[    0.041241] Dentry cache hash table entries: 131072 (order: 8, 1048576 bytes)
[    0.046664] Inode-cache hash table entries: 65536 (order: 7, 524288 bytes)
[    0.048144] Mount-cache hash table entries: 2048 (order: 2, 16384 bytes)
[    0.052075] Mountpoint-cache hash table entries: 2048 (order: 2, 16384 bytes)
[    0.061164] Last level iTLB entries: 4KB 0, 2MB 0, 4MB 0
[    0.064004] Last level dTLB entries: 4KB 0, 2MB 0, 4MB 0, 1GB 0
[    0.068006] Spectre V1 : Mitigation: usercopy/swapgs barriers and __user pointer sanitization
[    0.072006] Spectre V2 : Mitigation: Enhanced IBRS
[    0.076004] Spectre V2 : Spectre v2 / SpectreRSB mitigation: Filling RSB on context switch
[    0.080005] Speculative Store Bypass: Vulnerable
[    0.084229] Freeing SMP alternatives memory: 36K
[    0.212058] APIC calibration not consistent with PM-Timer: 104ms instead of 100ms
[    0.216000] APIC delta adjusted to PM-Timer: 6410346 (6680045)
[    0.216240] smpboot: CPU0: 11th Gen Intel(R) Core(TM) i7-1165G7 @ 2.80GHz (family: 0x6, model: 0x8c, stepping: 0x1)
[    0.220462] Performance Events: unsupported p6 CPU model 140 no PMU driver, software events only.
[    0.224114] Hierarchical SRCU implementation.
[    0.228809] NMI watchdog: Perf event create on CPU 0 failed with -2
[    0.232005] NMI watchdog: Perf NMI watchdog permanently disabled
[    0.236493] smp: Bringing up secondary CPUs ...
[    0.241090] x86: Booting SMP configuration:
[    0.244005] .... node  #0, CPUs:      #1
[    0.004000] kvm-clock: cpu 1, msr 0:3ff44041, secondary cpu clock
[    0.256005] smp: Brought up 1 node, 2 CPUs
[    0.258784] smpboot: Max logical packages: 1
[    0.260052] smpboot: Total of 2 processors activated (11212.84 BogoMIPS)
[    0.268395] devtmpfs: initialized
[    0.271469] x86/mm: Memory block size: 128MB
[    0.272476] evm: security.selinux
[    0.275835] evm: security.SMACK64
[    0.276003] evm: security.SMACK64EXEC
[    0.278663] evm: security.SMACK64TRANSMUTE
[    0.280003] evm: security.SMACK64MMAP
[    0.282183] evm: security.apparmor
[    0.284002] evm: security.ima
[    0.286096] evm: security.capability
[    0.288313] clocksource: jiffies: mask: 0xffffffff max_cycles: 0xffffffff, max_idle_ns: 7645041785100000 ns
[    0.292224] futex hash table entries: 512 (order: 3, 32768 bytes)
[    0.296158] pinctrl core: initialized pinctrl subsystem
[    0.300521] RTC time: 22:36:47, date: 11/23/21
[    0.308688] NET: Registered protocol family 16
[    0.312338] audit: initializing netlink subsys (disabled)
[    0.316345] audit: type=2000 audit(1637707013.491:1): state=initialized audit_enabled=0 res=1
[    0.328012] cpuidle: using governor ladder
[    0.332015] cpuidle: using governor menu
[    0.336047] ACPI: bus type PCI registered
[    0.338384] acpiphp: ACPI Hot Plug PCI Controller Driver version: 0.5
[    0.344301] PCI: Using configuration type 1 for base access
[    0.360155] HugeTLB registered 2.00 MiB page size, pre-allocated 0 pages
[    0.368865] ACPI: Added _OSI(Module Device)
[    0.372014] ACPI: Added _OSI(Processor Device)
[    0.376012] ACPI: Added _OSI(3.0 _SCP Extensions)
[    0.380008] ACPI: Added _OSI(Processor Aggregator Device)
[    0.384011] ACPI: Added _OSI(Linux-Dell-Video)
[    0.388006] ACPI: Added _OSI(Linux-Lenovo-NV-HDMI-Audio)
[    0.392006] ACPI: Added _OSI(Linux-HPI-Hybrid-Graphics)
[    0.396971] ACPI: Executed 1 blocks of module-level executable AML code
[    0.408426] ACPI: Interpreter enabled
[    0.410746] ACPI: (supports S0 S5)
[    0.412003] ACPI: Using IOAPIC for interrupt routing
[    0.416604] PCI: Using host bridge windows from ACPI; if necessary, use "pci=nocrs" and report a bug
[    0.420329] ACPI: Enabled 2 GPEs in block 00 to 07
[    0.433834] ACPI: PCI Root Bridge [PCI0] (domain 0000 [bus 00-ff])
[    0.436010] acpi PNP0A03:00: _OSC: OS supports [ASPM ClockPM Segments MSI]
[    0.440834] acpi PNP0A03:00: _OSC: not requesting OS control; OS requires [ExtendedConfig ASPM ClockPM MSI]
[    0.444015] acpi PNP0A03:00: fail to add MMCONFIG information, can't access extended PCI configuration space under this bridge.
[    0.449078] PCI host bridge to bus 0000:00
[    0.452008] pci_bus 0000:00: root bus resource [io  0x0000-0x0cf7 window]
[    0.456006] pci_bus 0000:00: root bus resource [io  0x0d00-0xffff window]
[    0.460008] pci_bus 0000:00: root bus resource [mem 0x000a0000-0x000bffff window]
[    0.464006] pci_bus 0000:00: root bus resource [mem 0x40000000-0xfdffffff window]
[    0.468007] pci_bus 0000:00: root bus resource [bus 00-ff]
[    0.480003] pci 0000:00:01.1: legacy IDE quirk: reg 0x10: [io  0x01f0-0x01f7]
[    0.484004] pci 0000:00:01.1: legacy IDE quirk: reg 0x14: [io  0x03f6]
[    0.488007] pci 0000:00:01.1: legacy IDE quirk: reg 0x18: [io  0x0170-0x0177]
[    0.492005] pci 0000:00:01.1: legacy IDE quirk: reg 0x1c: [io  0x0376]
[    0.561097] pci 0000:00:07.0: quirk: [io  0x4000-0x403f] claimed by PIIX4 ACPI
[    0.564047] pci 0000:00:07.0: quirk: [io  0x4100-0x410f] claimed by PIIX4 SMB
[    0.579588] ACPI: PCI Interrupt Link [LNKA] (IRQs 5 9 10 *11)
[    0.584364] ACPI: PCI Interrupt Link [LNKB] (IRQs 5 9 *10 11)
[    0.588178] ACPI: PCI Interrupt Link [LNKC] (IRQs 5 *9 10 11)
[    0.591694] ACPI: PCI Interrupt Link [LNKD] (IRQs 5 9 10 *11)
[    0.596103] SCSI subsystem initialized
[    0.600103] pci 0000:00:02.0: vgaarb: setting as boot VGA device
[    0.603664] pci 0000:00:02.0: vgaarb: VGA device added: decodes=io+mem,owns=io+mem,locks=none
[    0.604009] pci 0000:00:02.0: vgaarb: bridge control possible
[    0.608005] vgaarb: loaded
[    0.612095] ACPI: bus type USB registered
[    0.616056] usbcore: registered new interface driver usbfs
[    0.620024] usbcore: registered new interface driver hub
[    0.624017] usbcore: registered new device driver usb
[    0.632082] EDAC MC: Ver: 3.0.0
[    0.636302] PCI: Using ACPI for IRQ routing
[    0.640417] NetLabel: Initializing
[    0.642923] NetLabel:  domain hash size = 128
[    0.644003] NetLabel:  protocols = UNLABELED CIPSOv4 CALIPSO
[    0.648025] NetLabel:  unlabeled traffic allowed by default
[    0.656326] clocksource: Switched to clocksource kvm-clock
[    0.665220] VFS: Disk quotas dquot_6.6.0
[    0.665220] VFS: Dquot-cache hash table entries: 512 (order 0, 4096 bytes)
[    0.665220] AppArmor: AppArmor Filesystem Enabled
[    0.665220] pnp: PnP ACPI init
[    0.665220] pnp: PnP ACPI: found 3 devices
[    0.769418] clocksource: acpi_pm: mask: 0xffffff max_cycles: 0xffffff, max_idle_ns: 2085701024 ns
[    0.772409] NET: Registered protocol family 2
[    0.772409] IP idents hash table entries: 16384 (order: 5, 131072 bytes)
[    0.799582] TCP established hash table entries: 8192 (order: 4, 65536 bytes)
[    0.809887] TCP bind hash table entries: 8192 (order: 5, 131072 bytes)
[    0.817681] TCP: Hash tables configured (established 8192 bind 8192)
[    0.820841] UDP hash table entries: 512 (order: 2, 16384 bytes)
[    0.820841] UDP-Lite hash table entries: 512 (order: 2, 16384 bytes)
[    0.820841] NET: Registered protocol family 1
[    0.820841] pci 0000:00:00.0: Limiting direct PCI/PCI transfers
[    0.820841] pci 0000:00:01.0: Activating ISA DMA hang workarounds
[    0.820841] pci 0000:00:02.0: Video device with shadowed ROM at [mem 0x000c0000-0x000dffff]
[    0.820841] Unpacking initramfs...
[    1.628386] Freeing initrd memory: 19524K
[    1.637229] clocksource: tsc: mask: 0xffffffffffffffff max_cycles: 0x2868193390f, max_idle_ns: 440795218527 ns
[    1.647183] platform rtc_cmos: registered platform RTC device (no PNP device found)
[    1.651884] Scanning for low memory corruption every 60 seconds
[    1.657925] Initialise system trusted keyrings
[    1.661059] Key type blacklist registered
[    1.664392] workingset: timestamp_bits=36 max_order=18 bucket_order=0
[    1.670560] zbud: loaded
[    1.673106] squashfs: version 4.0 (2009/01/31) Phillip Lougher
[    1.677689] fuse init (API version 7.26)
[    1.706653] Key type asymmetric registered
[    1.710290] Asymmetric key parser 'x509' registered
[    1.714259] Block layer SCSI generic (bsg) driver version 0.4 loaded (major 246)
[    1.720272] io scheduler noop registered
[    1.723132] io scheduler deadline registered
[    1.726891] io scheduler cfq registered (default)
[    1.731081] ACPI: AC Adapter [AC] (on-line)
[    1.737420] input: Power Button as /devices/LNXSYSTM:00/LNXPWRBN:00/input/input0
[    1.742492] ACPI: Power Button [PWRF]
[    1.745091] input: Sleep Button as /devices/LNXSYSTM:00/LNXSLPBN:00/input/input1
[    1.750711] ACPI: Sleep Button [SLPF]
[    1.754443] Serial: 8250/16550 driver, 32 ports, IRQ sharing enabled
[    1.756280] ACPI: Battery Slot [BAT0] (battery present)
[    1.788868] 00:02: ttyS0 at I/O 0x3f8 (irq = 4, base_baud = 115200) is a 16550A
[    1.792297] Linux agpgart interface v0.103
[    1.802321] loop: module loaded
[    1.807745] scsi host0: ata_piix
[    1.810876] scsi host1: ata_piix
[    1.813792] ata1: PATA max UDMA/33 cmd 0x1f0 ctl 0x3f6 bmdma 0xd000 irq 14
[    1.817712] ata2: PATA max UDMA/33 cmd 0x170 ctl 0x376 bmdma 0xd008 irq 15
[    1.824302] libphy: Fixed MDIO Bus: probed
[    1.827086] tun: Universal TUN/TAP device driver, 1.6
[    1.828084] PPP generic driver version 2.4.2
[    1.828084] ehci_hcd: USB 2.0 'Enhanced' Host Controller (EHCI) Driver
[    1.828084] ehci-pci: EHCI PCI platform driver
[    1.828084] ehci-platform: EHCI generic platform driver
[    1.828084] ohci_hcd: USB 1.1 'Open' Host Controller (OHCI) Driver
[    1.828084] ohci-pci: OHCI PCI platform driver
[    1.828084] ohci-platform: OHCI generic platform driver
[    1.828084] uhci_hcd: USB Universal Host Controller Interface driver
[    1.828084] i8042: PNP: PS/2 Controller [PNP0303:PS2K,PNP0f03:PS2M] at 0x60,0x64 irq 1,12
[    1.828084] serio: i8042 KBD port at 0x60,0x64 irq 1
[    1.828084] serio: i8042 AUX port at 0x60,0x64 irq 12
[    1.828084] mousedev: PS/2 mouse device common for all mice
[    1.890006] input: AT Translated Set 2 keyboard as /devices/platform/i8042/serio0/input/input2
[    1.896926] rtc_cmos rtc_cmos: rtc core: registered rtc_cmos as rtc0
[    1.902338] rtc_cmos rtc_cmos: alarms up to one day, 114 bytes nvram
[    1.906699] i2c /dev entries driver
[    1.909453] device-mapper: uevent: version 1.0.3
[    1.914850] device-mapper: ioctl: 4.37.0-ioctl (2017-09-20) initialised: dm-devel@redhat.com
[    1.921047] ledtrig-cpu: registered to indicate activity on CPUs
[    1.928424] NET: Registered protocol family 10
[    1.939238] Segment Routing with IPv6
[    1.941949] NET: Registered protocol family 17
[    1.947981] Key type dns_resolver registered
[    1.953313] mce: Using 0 MCE banks
[    1.956770] RAS: Correctable Errors collector initialized.
[    1.961077] sched_clock: Marking stable (1961024553, 0)->(2965635238, -1004610685)
[    1.970860] registered taskstats version 1
[    1.975137] Loading compiled-in X.509 certificates
[    1.983093] Loaded X.509 cert 'Build time autogenerated kernel key: ebed311aedd59d9a851620769f4a146e4e1d43c6'
[    1.996799] Loaded X.509 cert 'Canonical Ltd. Live Patch Signing: 14df34d1a87cf37625abec039ef2bf521249b969'
[    2.005801] Loaded X.509 cert 'Canonical Ltd. Kernel Module Signing: 88f752e560a1e0737e31163a466ad7b70a850c19'
[    2.016363] zswap: loaded using pool lzo/zbud
[    2.071721] Key type big_key registered
[    2.079546] Key type trusted registered
[    2.090928] Key type encrypted registered
[    2.099155] AppArmor: AppArmor sha1 policy hashing enabled
[    2.104476] ima: No TPM chip found, activating TPM-bypass! (rc=-19)
[    2.108961] ima: Allocated hash algorithm: sha1
[    2.113480] evm: HMAC attrs: 0x1
[    2.117783]   Magic number: 13:675:654
[    2.122949] rtc_cmos rtc_cmos: setting system clock to 2021-11-23 22:36:50 UTC (1637707010)
[    2.131768] BIOS EDD facility v0.16 2004-Jun-25, 0 devices found
[    2.139323] EDD information not available.
[    2.146875] Freeing unused kernel image memory: 2448K
[    2.164476] Write protecting the kernel read-only data: 20480k
[    2.170891] Freeing unused kernel image memory: 2008K
[    2.175979] Freeing unused kernel image memory: 1824K
[    2.184861] x86/mm: Checked W+X mappings: passed, no W+X pages found.
Loading, please wait...
starting version 237
[    2.305853] Fusion MPT base driver 3.04.20
[    2.311366] e1000: Intel(R) PRO/1000 Network Driver - version 7.3.21-k8-NAPI
[    2.311754] Copyright (c) 1999-2008 LSI Corporation
[    2.318376] e1000: Copyright (c) 1999-2006 Intel Corporation.
[    2.385024] Fusion MPT SPI Host driver 3.04.20
[    2.992871] input: ImExPS/2 Generic Explorer Mouse as /devices/platform/i8042/serio1/input/input4
[    3.038507] e1000 0000:00:03.0 eth0: (PCI:33MHz:32-bit) 02:38:bc:e5:bf:66
[    3.044881] e1000 0000:00:03.0 eth0: Intel(R) PRO/1000 Network Connection
[    3.051135] mptbase: ioc0: Initiating bringup
[    3.183404] ioc0: LSI53C1030 A0: Capabilities={Initiator}
[    4.123194] scsi host2: ioc0: LSI53C1030 A0, FwRev=00000000h, Ports=1, MaxQ=256, IRQ=20
[    4.431440] scsi 2:0:0:0: Direct-Access     VBOX     HARDDISK         1.0  PQ: 0 ANSI: 5
[    4.588898] scsi target2:0:0: Beginning Domain Validation
[    4.620319] scsi target2:0:0: Domain Validation skipping write tests
[    4.628768] scsi target2:0:0: Ending Domain Validation
[    4.636223] scsi target2:0:0: asynchronous
[    4.641753] random: fast init done
[    4.645433] scsi 2:0:1:0: Direct-Access     VBOX     HARDDISK         1.0  PQ: 0 ANSI: 5
[    4.952508] scsi target2:0:1: Beginning Domain Validation
[    4.961695] scsi target2:0:1: Domain Validation skipping write tests
[    4.967087] scsi target2:0:1: Ending Domain Validation
[    4.972102] scsi target2:0:1: asynchronous
[    4.985326] sd 2:0:0:0: Attached scsi generic sg0 type 0
[    4.987866] sd 2:0:0:0: [sda] 83886080 512-byte logical blocks: (42.9 GB/40.0 GiB)
[    4.989439] sd 2:0:1:0: Attached scsi generic sg1 type 0
[    4.994342] random: systemd-udevd: uninitialized urandom read (16 bytes read)
[    5.002640] sd 2:0:0:0: [sda] Write Protect is off
[    5.005583] random: systemd-udevd: uninitialized urandom read (16 bytes read)
[    5.013615] sd 2:0:0:0: [sda] Incomplete mode parameter data
[    5.018192] sd 2:0:0:0: [sda] Assuming drive cache: write through
[    5.023062] random: systemd-udevd: uninitialized urandom read (16 bytes read)
[    5.024759] sd 2:0:1:0: [sdb] 20480 512-byte logical blocks: (10.5 MB/10.0 MiB)
[    5.030214]  sda: sda1
[    5.038575] sd 2:0:0:0: [sda] Attached SCSI disk
[    5.042883] sd 2:0:1:0: [sdb] Write Protect is off
[    5.047262] sd 2:0:1:0: [sdb] Incomplete mode parameter data
[    5.052089] sd 2:0:1:0: [sdb] Assuming drive cache: write through
[    5.064962] sd 2:0:1:0: [sdb] Attached SCSI disk
[    5.217378] e1000 0000:00:08.0 eth1: (PCI:33MHz:32-bit) 08:00:27:e8:99:2b
[    5.226530] e1000 0000:00:08.0 eth1: Intel(R) PRO/1000 Network Connection
[    5.236607] e1000 0000:00:03.0 enp0s3: renamed from eth0
[    5.257367] e1000 0000:00:08.0 enp0s8: renamed from eth1
[  199.292652] INFO: rcu_sched self-detected stall on CPU
[  199.296559] INFO: rcu_sched self-detected stall on CPU
[  199.302830] 	1-...!: (1 GPs behind) idle=ba6/140000000000001/0 softirq=592/593 fqs=0 
[  199.320564] 	 (t=48507 jiffies g=-159 c=-160 q=83)
[  199.320653] 	0-...!: (1 ticks this GP) idle=032/1/0 softirq=1127/1127 fqs=0 
[  199.324529] rcu_sched kthread starved for 48507 jiffies! g18446744073709551457 c18446744073709551456 f0x0 RCU_GP_WAIT_FQS(3) ->state=0x402 ->cpu=0
[  199.328693] 	 (t=48507 jiffies g=-159 c=-160 q=83)
[  199.338713] rcu_sched       I    0     8      2 0x80000000
[  199.344853] rcu_sched kthread starved for 48507 jiffies! g18446744073709551457 c18446744073709551456 f0x0 RCU_GP_WAIT_FQS(3) ->state=0x402 ->cpu=0
[  199.354504] Call Trace:
[  199.368125] rcu_sched       I    0     8      2 0x80000000
[  199.370903]  __schedule+0x24e/0x890
[  199.375778] Call Trace:
[  199.381019]  schedule+0x2c/0x80
[  199.384445]  __schedule+0x24e/0x890
[  199.389053]  schedule_timeout+0x15d/0x370
[  199.393454]  schedule+0x2c/0x80
[  199.399991]  ? __next_timer_interrupt+0xe0/0xe0
[  199.403940]  schedule_timeout+0x15d/0x370
[  199.403943]  ? __next_timer_interrupt+0xe0/0xe0
[  199.403946]  rcu_gp_kthread+0x53a/0x980
[  199.410486]  rcu_gp_kthread+0x53a/0x980
[  199.416597]  kthread+0x121/0x140
[  199.421880]  kthread+0x121/0x140
[  199.426194]  ? rcu_note_context_switch+0x150/0x150
[  199.432404]  ? rcu_note_context_switch+0x150/0x150
[  199.436318]  ? kthread_create_worker_on_cpu+0x70/0x70
[  199.440878]  ? kthread_create_worker_on_cpu+0x70/0x70
[  199.446439]  ret_from_fork+0x1f/0x40
[  199.452551]  ret_from_fork+0x1f/0x40
[  199.458545] NMI backtrace for cpu 0
[  199.473702] CPU: 0 PID: 0 Comm: swapper/0 Not tainted 4.15.0-162-generic #170-Ubuntu
[  199.479246] Hardware name: innotek GmbH VirtualBox/VirtualBox, BIOS VirtualBox 12/01/2006
[  199.485285] Call Trace:
[  199.487810]  <IRQ>
[  199.489634]  dump_stack+0x6d/0x8b
[  199.492195]  nmi_cpu_backtrace+0x94/0xa0
[  199.495917]  ? lapic_can_unplug_cpu+0xb0/0xb0
[  199.500317]  nmi_trigger_cpumask_backtrace+0xe7/0x130
[  199.503422]  arch_trigger_cpumask_backtrace+0x19/0x20
[  199.506777]  rcu_dump_cpu_stacks+0xa3/0xd5
[  199.509969]  rcu_check_callbacks+0x6cd/0x8e0
[  199.512930]  ? tick_sched_do_timer+0x50/0x50
[  199.515544]  update_process_times+0x2f/0x60
[  199.518581]  tick_sched_handle+0x26/0x70
[  199.523359]  ? tick_sched_do_timer+0x50/0x50
[  199.525982]  tick_sched_timer+0x39/0x80
[  199.528232]  __hrtimer_run_queues+0xdf/0x230
[  199.530745]  hrtimer_interrupt+0xa0/0x1d0
[  199.533752]  smp_apic_timer_interrupt+0x6f/0x140
[  199.536919]  apic_timer_interrupt+0x90/0xa0
[  199.539978]  </IRQ>
[  199.541948] RIP: 0010:native_safe_halt+0x12/0x20
[  199.545742] RSP: 0018:ffffffff96003e28 EFLAGS: 00010246 ORIG_RAX: ffffffffffffff11
[  199.550153] RAX: ffffffff955cb790 RBX: 0000000000000000 RCX: 0000000000000000
[  199.556301] RDX: 0000000000000000 RSI: 0000000000000000 RDI: 0000000000000000
[  199.561564] RBP: ffffffff96003e28 R08: 0000000000000002 R09: 0000000000000000
[  199.568419] R10: 0000000000000001 R11: 00000000000003bd R12: 0000000000000000
[  199.573509] R13: 0000000000000000 R14: 0000000000000000 R15: 0000000000000000
[  199.579939]  ? __sched_text_end+0x1/0x1
[  199.583935]  default_idle+0x20/0x100
[  199.587945]  arch_cpu_idle+0x15/0x20
[  199.591370]  default_idle_call+0x23/0x30
[  199.594132]  do_idle+0x172/0x1f0
[  199.597056]  cpu_startup_entry+0x73/0x80
[  199.601511]  rest_init+0xae/0xb0
[  199.604546]  start_kernel+0x4dc/0x500
[  199.608278]  x86_64_start_reservations+0x24/0x26
[  199.612821]  x86_64_start_kernel+0x74/0x77
[  199.616259]  secondary_startup_64+0xa5/0xb0
[  199.621544] Sending NMI from CPU 0 to CPUs 1:
[  199.628559] NMI backtrace for cpu 1 skipped: idling at native_halt+0x11/0x20
[  199.628563] Sending NMI from CPU 1 to CPUs 0:
[  199.640060] NMI backtrace for cpu 0 skipped: idling at native_halt+0x11/0x20
[  199.640062] NMI backtrace for cpu 1
[  199.650369] CPU: 1 PID: 150 Comm: systemd-udevd Not tainted 4.15.0-162-generic #170-Ubuntu
[  199.656260] Hardware name: innotek GmbH VirtualBox/VirtualBox, BIOS VirtualBox 12/01/2006
[  199.664098] Call Trace:
[  199.667222]  <IRQ>
[  199.670553]  dump_stack+0x6d/0x8b
[  199.674282]  nmi_cpu_backtrace+0x94/0xa0
[  199.678765]  ? lapic_can_unplug_cpu+0xb0/0xb0
[  199.682790]  nmi_trigger_cpumask_backtrace+0xe7/0x130
[  199.688302]  arch_trigger_cpumask_backtrace+0x19/0x20
[  199.693102]  rcu_dump_cpu_stacks+0xa3/0xd5
[  199.696415]  rcu_check_callbacks+0x6cd/0x8e0
[  199.699358]  ? account_user_time+0x9e/0xb0
[  199.703096]  ? tick_sched_do_timer+0x50/0x50
[  199.707266]  update_process_times+0x2f/0x60
[  199.712766]  tick_sched_handle+0x26/0x70
[  199.716188]  ? tick_sched_do_timer+0x42/0x50
[  199.720060]  tick_sched_timer+0x39/0x80
[  199.724235]  __hrtimer_run_queues+0xdf/0x230
[  199.729113]  hrtimer_interrupt+0xa0/0x1d0
[  199.733545]  smp_apic_timer_interrupt+0x6f/0x140
[  199.739693]  apic_timer_interrupt+0x90/0xa0
[  199.744300]  </IRQ>
[  199.746750] RIP: 0033:0x7f9ba523814f
[  199.750695] RSP: 002b:00007fffb39d3018 EFLAGS: 00010246 ORIG_RAX: ffffffffffffff11
[  199.756229] RAX: 0000000000000000 RBX: 000056011ebf2260 RCX: 00007f9ba5238151
[  199.765115] RDX: 0000000000001000 RSI: 000056011ec20c10 RDI: 000000000000000d
[  199.771764] RBP: 00007f9ba55102a0 R08: 0000000000000077 R09: 0000000000000000
[  199.777545] R10: 000056011ebf2010 R11: 0000000000000246 R12: 000056011ec20c10
[  199.784067] R13: 0000000000001001 R14: 0000000000000d68 R15: 0000000000001001
Begin: Loading essential drivers ... [  202.408594] raid6: sse2x1   gen()  6315 MB/s
[  202.460634] raid6: sse2x1   xor()  4304 MB/s
[  202.516652] raid6: sse2x2   gen()  7842 MB/s
[  202.572692] raid6: sse2x2   xor()  6636 MB/s
[  202.628876] raid6: sse2x4   gen()  8788 MB/s
[  202.680742] raid6: sse2x4   xor()  3880 MB/s
[  202.692369] raid6: using algorithm sse2x4 gen() 8788 MB/s
[  202.703169] raid6: .... xor() 3880 MB/s, rmw enabled
[  202.711617] raid6: using ssse3x2 recovery algorithm
[  202.728861] xor: measuring software checksum speed
[  202.772297]    prefetch64-sse: 14401.000 MB/sec
[  202.820927]    generic_sse: 19802.000 MB/sec
[  202.825285] xor: using function: generic_sse (19802.000 MB/sec)
[  202.833085] async_tx: api initialized (async)
done.
Begin: Running /scripts/init-premount ... done.
Begin: Mounting root file system ... Begin: Running /scripts/local-top ... done.
Begin: Running /scripts/local-premount ... [  202.940875] Btrfs loaded, crc32c=crc32c-intel
Scanning for Btrfs filesystems
done.
Warning: fsck not present, so skipping root file system
[  203.011852] EXT4-fs (sda1): mounted filesystem with ordered data mode. Opts: (null)
done.
Begin: Running /scripts/local-bottom ... done.
Begin: Running /scripts/init-bottom ... done.
[  203.220789] ip_tables: (C) 2000-2006 Netfilter Core Team
[  203.248492] systemd[1]: systemd 237 running in system mode. (+PAM +AUDIT +SELINUX +IMA +APPARMOR +SMACK +SYSVINIT +UTMP +LIBCRYPTSETUP +GCRYPT +GNUTLS +ACL +XZ +LZ4 +SECCOMP +BLKID +ELFUTILS +KMOD -IDN2 +IDN -PCRE2 default-hierarchy=hybrid)
[  203.264315] systemd[1]: Detected virtualization oracle.
[  203.268653] systemd[1]: Detected architecture x86-64.

Welcome to [1mUbuntu 18.04.6 LTS[0m!

[  203.318397] systemd[1]: Set hostname to <ubuntu>.
[  203.329565] systemd[1]: Initializing machine ID from random generator.
[  203.335915] systemd[1]: Installed transient /etc/machine-id file.
[  203.658467] systemd[1]: Reached target Swap.
[[0;32m  OK  [0m] Reached target Swap.
[  203.676718] systemd[1]: Created slice System Slice.
[[0;32m  OK  [0m] Created slice System Slice.
[  203.684957] systemd[1]: Listening on udev Kernel Socket.
[[0;32m  OK  [0m] Listening on udev Kernel Socket.
[  203.696169] systemd[1]: Listening on LVM2 poll daemon socket.
[[0;32m  OK  [0m] Listening on LVM2 poll daemon socket.
[[0;32m  OK  [0m] Listening on Syslog Socket.
[[0;32m  OK  [0m] Listening on /dev/initctl Compatibility Named Pipe.
[[0;32m  OK  [0m] Listening on LVM2 metadata daemon socket.
[[0;32m  OK  [0m] Listening on udev Control Socket.
[[0;32m  OK  [0m] Started Forward Password Requests to Wall Directory Watch.
[[0;32m  OK  [0m] Created slice system-serial\x2dgetty.slice.
[[0;32m  OK  [0m] Listening on Journal Socket (/dev/log).
[[0;32m  OK  [0m] Reached target System Time Synchronized.
[[0;32m  OK  [0m] Listening on Device-mapper event daemon FIFOs.
[[0;32m  OK  [0m] Listening on Journal Audit Socket.
[[0;32m  OK  [0m] Created slice User and Session Slice.
[[0;32m  OK  [0m] Listening on fsck to fsckd communication Socket.
[[0;32m  OK  [0m] Reached target User and Group Name Lookups.
[[0;32m  OK  [0m] Listening on Network Service Netlink Socket.
[[0;32m  OK  [0m] Set up automount Arbitrary Executab…rmats File System Automount Point.
[[0;32m  OK  [0m] Reached target Slices.
[[0;32m  OK  [0m] Listening on Journal Socket.
         Starting Uncomplicated firewall...
         Starting Load Kernel Modules...
         Starting udev Coldplug all Devices...
         Starting Set the console keyboard layout...
         Starting Monitoring of LVM2 mirrors…ng dmeventd or progress polling...
[  203.895254] Loading iSCSI transport class v2.0-870.
         Starting Journal Service...
         [  203.988645] iscsi: registered transport (tcp)
Starting Create list of required st…ce nodes for the current kernel...
         Mounting Huge Pages File System...
         Starting File System Check on Root Device...
         Mounting POSIX Message Queue File System...
         Mounting Kernel Debug File System...
[[0;32m  OK  [0m] Started Uncomplicated firewall.
[[0;32m  OK  [0m] Started Create list of required sta…vice nodes for the current kernel.
[[0;32m  OK  [0m] Mounted Huge Pages File System.
[[0;32m  OK  [0m] Started LVM2 metadata daemon.
         Starting Create Static Device Nodes in /dev...
[[0;32m  OK  [0m] Mounted POSIX Message Queue File System.
[[0;32m  OK  [0m] Mounted Kernel Debug File System.
[[0;32m  OK  [0m] Started File System Check Daemon to report status.
[[0;32m  OK  [0m] Started Create Static Device Nodes in /dev.
[[0;32m  OK  [0m] Started udev Coldplug all Devices.
[[0;32m  OK  [0m] Started Journal Service.
[[0;32m  OK  [0m] Started File System Check on Root Device.
[[0;32m  OK  [0m] Started Monitoring of LVM2 mirrors,…sing dmeventd or progress polling.
[  204.348948] iscsi: registered transport (iser)
         Starting Remount Root and Kernel File Systems...
[[0;32m  OK  [0m] Started Load Kernel Modules.
         Mounting FUSE Control File System...
         Mounting Kernel Configuration File System...
         Starting Apply Kernel Variables...
[[0;32m  OK  [0m] Mounted FUSE Control File System.
[[0;32m  OK  [0m] Mounted Kernel Configuration File System.
[  204.406875] EXT4-fs (sda1): re-mounted. Opts: (null)
[[0;32m  OK  [0m] Started Remount Root and Kernel File Systems.
[[0;32m  OK  [0m] Started Set the console keyboard layout.
[[0;32m  OK  [0m] Reached target Local File Systems (Pre).
         Starting udev Kernel Device Manager...
         Starting Flush Journal to Persistent Storage...
         Starting Load/Save Random Seed...
[[0;32m  OK  [0m] Reached target Local File Systems.
         Starting Commit a transient machine-id on disk...
         Starting Set console font and keymap...
         Starting ebtables ruleset management...
         Starting AppArmor initialization...
         Starting Tell Plymouth To Write Out Runtime Data...
[[0;32m  OK  [0m] Started Apply Kernel Variables.
[[0;32m  OK  [0m] Started udev Kernel Device Manager.
[[0;32m  OK  [0m] Started Dispatch Password Requests to Console Directory Watch.
[[0;32m  OK  [0m] Reached target Local Encrypted Volumes.
[[0;32m  OK  [0m] Started Set console font and keymap.
[[0;32m  OK  [0m] Started Tell Plymouth To Write Out Runtime Data.
[[0;32m  OK  [0m] Started Load/Save Random Seed.
[[0;32m  OK  [0m] Started Flush Journal to Persistent Storage.
[[0;32m  OK  [0m] Started Commit a transient machine-id on disk.
         Starting Create Volatile Files and Directories...
[[0;32m  OK  [0m] Started Create Volatile Files and Directories.
         Starting Update UTMP about System Boot/Shutdown...
[[0;32m  OK  [0m] Started ebtables ruleset management.
[[0;32m  OK  [0m] Started Update UTMP about System Boot/Shutdown.
[[0;32m  OK  [0m] Found device /dev/ttyS0.
[[0;32m  OK  [0m] Listening on Load/Save RF Kill Switch Status /dev/rfkill Watch.
[[0;32m  OK  [0m] Started AppArmor initialization.
         Starting Load AppArmor profiles managed internally by snapd...
         Starting Initial cloud-init job (pre-networking)...
[[0;32m  OK  [0m] Started Load AppArmor profiles managed internally by snapd.
[  208.669598] cloud-init[557]: Cloud-init v. 21.3-1-g6803368d-0ubuntu1~18.04.4 running 'init-local' at Tue, 23 Nov 2021 22:40:16 +0000. Up 208.00 seconds.
[[0;32m  OK  [0m] Started Initial cloud-init job (pre-networking).
[[0;32m  OK  [0m] Reached target Network (Pre).
         Starting Network Service...
[[0;32m  OK  [0m] Started Network Service.
         Starting Wait for Network to be Configured...
         Starting Network Name Resolution...
[[0;32m  OK  [0m] Started Network Name Resolution.
[[0;32m  OK  [0m] Reached target Network.
[[0;32m  OK  [0m] Reached target Host and Network Name Lookups.
[[0;32m  OK  [0m] Started Wait for Network to be Configured.
         Starting Initial cloud-init job (metadata service crawler)...
[  211.118880] cloud-init[660]: Cloud-init v. 21.3-1-g6803368d-0ubuntu1~18.04.4 running 'init' at Tue, 23 Nov 2021 22:40:19 +0000. Up 210.96 seconds.
[  211.133326] cloud-init[660]: ci-info: ++++++++++++++++++++++++++++++++++++++Net device info+++++++++++++++++++++++++++++++++++++++
[  211.142822] cloud-init[660]: ci-info: +--------+-------+----------------------------+---------------+--------+-------------------+
[  211.148632] cloud-init[660]: ci-info: | Device |   Up  |          Address           |      Mask     | Scope  |     Hw-Address    |
[  211.154086] cloud-init[660]: ci-info: +--------+-------+----------------------------+---------------+--------+-------------------+
[  211.161137] cloud-init[660]: ci-info: | enp0s3 |  True |         10.0.2.15          | 255.255.255.0 | global | 02:38:bc:e5:bf:66 |
[  211.166144] cloud-init[660]: ci-info: | enp0s3 |  True | fe80::38:bcff:fee5:bf66/64 |       .       |  link  | 02:38:bc:e5:bf:66 |
[  211.170697] cloud-init[660]: ci-info: | enp0s8 | False |             .              |       .       |   .    | 08:00:27:e8:99:2b |
[  211.173392] cloud-init[660]: ci-info: |   lo   |  True |         127.0.0.1          |   255.0.0.0   |  host  |         .         |
[  211.176082] cloud-init[660]: ci-info: |   lo   |  True |          ::1/128           |       .       |  host  |         .         |
[  211.179820] cloud-init[660]: ci-info: +--------+-------+----------------------------+---------------+--------+-------------------+
[  211.183901] cloud-init[660]: ci-info: ++++++++++++++++++++++++++++Route IPv4 info+++++++++++++++++++++++++++++
[  211.187496] cloud-init[660]: ci-info: +-------+-------------+----------+-----------------+-----------+-------+
[  211.191072] cloud-init[660]: ci-info: | Route | Destination | Gateway  |     Genmask     | Interface | Flags |
[  211.194719] cloud-init[660]: ci-info: +-------+-------------+----------+-----------------+-----------+-------+
[  211.197954] cloud-init[660]: ci-info: |   0   |   0.0.0.0   | 10.0.2.2 |     0.0.0.0     |   enp0s3  |   UG  |
[  211.200995] cloud-init[660]: ci-info: |   1   |   10.0.2.0  | 0.0.0.0  |  255.255.255.0  |   enp0s3  |   U   |
[  211.204351] cloud-init[660]: ci-info: |   2   |   10.0.2.2  | 0.0.0.0  | 255.255.255.255 |   enp0s3  |   UH  |
[  211.207631] cloud-init[660]: ci-info: +-------+-------------+----------+-----------------+-----------+-------+
[  211.210875] cloud-init[660]: ci-info: +++++++++++++++++++Route IPv6 info+++++++++++++++++++
[  211.213584] cloud-init[660]: ci-info: +-------+-------------+---------+-----------+-------+
[  211.216390] cloud-init[660]: ci-info: | Route | Destination | Gateway | Interface | Flags |
[  211.219202] cloud-init[660]: ci-info: +-------+-------------+---------+-----------+-------+
[  211.222080] cloud-init[660]: ci-info: |   1   |  fe80::/64  |    ::   |   enp0s3  |   U   |
[  211.224590] cloud-init[660]: ci-info: |   3   |    local    |    ::   |   enp0s3  |   U   |
[  211.227454] cloud-init[660]: ci-info: |   4   |   ff00::/8  |    ::   |   enp0s3  |   U   |
[  211.230186] cloud-init[660]: ci-info: +-------+-------------+---------+-----------+-------+
[  212.152662] cloud-init[660]: Generating public/private rsa key pair.
[  212.154709] cloud-init[660]: Your identification has been saved in /etc/ssh/ssh_host_rsa_key.
[  212.156739] cloud-init[660]: Your public key has been saved in /etc/ssh/ssh_host_rsa_key.pub.
[  212.159145] cloud-init[660]: The key fingerprint is:
[  212.161411] cloud-init[660]: SHA256:H7PuYERfxRaAUxZ45GOq94lk/ljqem/S8Ma+dZ6Rkvs root@ubuntu-bionic
[  212.165149] cloud-init[660]: The key's randomart image is:
[  212.166507] cloud-init[660]: +---[RSA 2048]----+
[  212.168260] cloud-init[660]: |           =*+o. |
[  212.169864] cloud-init[660]: |          +o..o  |
[  212.171125] cloud-init[660]: |        .  o=.   |
[  212.172524] cloud-init[660]: |       . . + .   |
[  212.173999] cloud-init[660]: |        S =      |
[  212.175403] cloud-init[660]: |       . o.+  . .|
[  212.178270] cloud-init[660]: |        + *=.o.o.|
[  212.181766] cloud-init[660]: |       . Bo**oooo|
[  212.185340] cloud-init[660]: |        .=OBBo.E.|
[  212.189582] cloud-init[660]: +----[SHA256]-----+
[  212.194045] cloud-init[660]: Generating public/private dsa key pair.
[  212.199164] cloud-init[660]: Your identification has been saved in /etc/ssh/ssh_host_dsa_key.
[  212.204582] cloud-init[660]: Your public key has been saved in /etc/ssh/ssh_host_dsa_key.pub.
[  212.209836] cloud-init[660]: The key fingerprint is:
[  212.213343] cloud-init[660]: SHA256:RbhwzDekHNTe+BPUDtwnHSLKYdX8fuCcXfs0fqdMGZg root@ubuntu-bionic
[  212.218715] cloud-init[660]: The key's randomart image is:
[  212.222222] cloud-init[660]: +---[DSA 1024]----+
[  212.225484] cloud-init[660]: |       +o*++o+ o.|
[  212.228663] cloud-init[660]: |      ..B+* =o= o|
[  212.231851] cloud-init[660]: |       oo*.= o.o |
[  212.235415] cloud-init[660]: |        ..o ooo..|
[  212.238401] cloud-init[660]: |        S  .E+o+o|
[  212.241479] cloud-init[660]: |            o +*+|
[  212.244773] cloud-init[660]: |             .+.+|
[  212.247582] cloud-init[660]: |             o .+|
[  212.250318] cloud-init[660]: |              o.o|
[  212.253146] cloud-init[660]: +----[SHA256]-----+
[  212.255907] cloud-init[660]: Generating public/private ecdsa key pair.
[  212.259578] cloud-init[660]: Your identification has been saved in /etc/ssh/ssh_host_ecdsa_key.
[  212.262757] cloud-init[660]: Your public key has been saved in /etc/ssh/ssh_host_ecdsa_key.pub.
[  212.264912] cloud-init[660]: The key fingerprint is:
[  212.266164] cloud-init[660]: SHA256:aKifCeLpuNjB2WL5V9qKQzs57XXJerQSD5zv4XYuLU8 root@ubuntu-bionic
[  212.269675] cloud-init[660]: The key's randomart image is:
[  212.272155] cloud-init[660]: +---[ECDSA 256]---+
[  212.278659] cloud-init[660]: |                 |
[  212.286766] cloud-init[660]: |                 |
[  212.297708] cloud-init[660]: |                 |
[  212.306228] cloud-init[660]: |     . .         |
[  212.314668] cloud-init[660]: |    . o.S.       |
[[0;32m  OK  [0m] Started Initial cloud-init job (metadata service crawler).
[[0;32m  OK  [0m] Reached target Network is Online.
[  212.328030] cloud-init[660]: | . =..  *...     |
[[0;32m  OK  [0m] Reached target Remote File Systems (Pre).
[[0;32m  OK  [0m] Reached target Remote File Systems.
[  212.335539]          Starting Availability of block devices...
[[0;32m  OK  [0m] Reached target System Initialization.
[[0;32m  OK  [0m] Started Message of the Day.
[[0;32m  OK  [0m] Listening on D-Bus System Message Bus Socket.
[[0;32m  OK  [0m] Listening on ACPID Listen Socket.
[[0;32m  OK  [0m] Started Ubuntu Advantage Timer for running repeated jobs.
[[0;32m  OK  [0m] Listening on UUID daemon activation socket.
         Starting LXD - unix socket.
[[0;32m  OK  [0m] Listening on Open-iSCSI iscsid Socket.
[[0;32m  OK  [0m] Started Daily apt download activities.
[[0;32m  OK  [0m] Started Daily apt upgrade and clean activities.
[[0;32m  OK  [0m] Started ACPI Events Check.
         Starting Socket activation for snappy daemon.
[[0;32m  OK  [0m] Started Trigger to poll for Ubuntu …(Only enabled on GCP LTS non-pro).
[[0;32m  OK  [0m] Reached target Paths.
[[0;32m  OK  [0m] Listening on cloud-init hotplug hook socket.
[[0;32m  OK  [0m] Started Discard unused blocks once a week.
[[0;32m  OK  [0m] Started Daily Cleanup of Temporary Directories.
[[0;32m  OK  [0m] Reached target Timers.
[[0;32m  OK  [0m] Reached target Cloud-config availability.
[[0;32m  OK  [0m] Started Availability of block devices.
[[0;32m  OK  [0m] Listening on LXD - unix socket.
[[0;32m  OK  [0m] Listening on Socket activation for snappy daemon.
[[0;32m  OK  [0m] Reached target Sockets.
[[0;32m  OK  [0m] Reached target Basic System.
cloud-init[660]: |. X..+ +.*=oE    |         Starting Login Service...
         Starting Accounts Service...
         Starting System Logging Service...
[[0;32m  OK  [0m] Started Regular background program processing daemon.

         Starting Dispatcher daemon for systemd-networkd...
[  212.419818]          Starting Pollinate to seed the pseudo random number generator...
cloud-init         Starting Snap Daemon...
[660]: |++.**++.o+Ooo    |         Starting LSB: automatic crash report generation...
         Starting Permit User Sessions...
[[0;32m  OK  [0m] Started D-Bus System Message Bus.

[  212.452776] cloud-init[660]: |==. **o..=o*o    |
[  212.458474] cloud-init[660]: +----[SHA256]-----+
[  212.462430] cloud-init[660]: Generating public/private ed25519 key pair.
[  212.475499] cloud-init[660]: Your identification has been saved in /etc/ssh/ssh_host_ed25519_key.
[  212.493086] cloud-init[660]: Your public key has been saved in /etc/ssh/ssh_host_ed25519_key.pub.
[  212.504784] cloud-init[660]: The key fingerprint is:
[  212.514581] cloud-init[660]: SHA256:Ad1BPxGpHMIrkgPu9iKLF8MGgPmKvGwha1Q3cR1JmlE root@ubuntu-bionic
[  212.526781] cloud-init[660]: The key's randomart image is:
[  212.537056] cloud-init[660]: +--[ED25519 256]--+
[  212.544777] cloud-init[660]: |..    .++E=.oo   |
[  212.549593] cloud-init[660]: |+ .  . oBoo...   |
[  212.553656] cloud-init[660]: |.o . .oo.+ oo    |
[  212.557329] cloud-init[660]: |. o.+o. ..o  .   |
[  212.561194] cloud-init[660]: |o=. .o..S        |
[  212.564931] cloud-init[660]: |++B              |
[  212.568531] cloud-init[660]: |++o+             |
[  212.571517] cloud-init[660]: |+=o .            |
[  212.578550] cloud-init[660]: |=+ .             |
[  212.586345] cloud-init[660]: +----[SHA256]-----+
         Starting LSB: Record successful boot for GRUB...
[[0;32m  OK  [0m] Started FUSE filesystem for LXC.
[[0;32m  OK  [0m] Started irqbalance daemon.
         Starting Virtualbox guest utils...
[[0;32m  OK  [0m] Started Deferred execution scheduler.
         Starting LXD - container startup/shutdown...
[[0;32m  OK  [0m] Started System Logging Service.
[[0;32m  OK  [0m] Started Permit User Sessions.
[[0;32m  OK  [0m] Started Login Service.
[[0;32m  OK  [0m] Started Unattended Upgrades Shutdown.
         Starting Terminate Plymouth Boot Screen...
         Starting Hold until boot process finishes up...
[[0;32m  OK  [0m] Started Hold until boot process finishes up.
         Starting Set console scheme...
[[0;32m  OK  [0m] Started Serial Getty on ttyS0.
[[0;32m  OK  [0m] Started Terminate Plymouth Boot Screen.
[[0;32m  OK  [0m] Started LSB: automatic crash report generation.
[[0;32m  OK  [0m] Started Set console scheme.
[[0;32m  OK  [0m] Created slice system-getty.slice.
[[0;32m  OK  [0m] Started Getty on tty1.
[[0;32m  OK  [0m] Reached target Login Prompts.
[[0;32m  OK  [0m] Started LSB: Record successful boot for GRUB.
         Starting Authorization Manager...
[[0;32m  OK  [0m] Started Authorization Manager.
[[0;32m  OK  [0m] Started Accounts Service.
[[0;32m  OK  [0m] Started LXD - container startup/shutdown.
[[0;32m  OK  [0m] Started Dispatcher daemon for systemd-networkd.
[[0;32m  OK  [0m] Started Virtualbox guest utils.
[[0;32m  OK  [0m] Started Snap Daemon.
         Starting Wait until snapd is fully seeded...
[[0;32m  OK  [0m] Started Pollinate to seed the pseudo random number generator.
         Starting OpenBSD Secure Shell server...
[[0;32m  OK  [0m] Started OpenBSD Secure Shell server.
[[0;32m  OK  [0m] Created slice User Slice of vagrant.
         Starting User Manager for UID 1000...
[[0;32m  OK  [0m] Started Session 1 of user vagrant.
[[0;32m  OK  [0m] Started User Manager for UID 1000.
[[0;32m  OK  [0m] Started Wait until snapd is fully seeded.
         Starting Apply the settings specified in cloud-config...
[[0;32m  OK  [0m] Reached target Multi-User System.
[[0;32m  OK  [0m] Reached target Graphical Interface.
         Starting Update UTMP about System Runlevel Changes...
[[0;32m  OK  [0m] Started Update UTMP about System Runlevel Changes.
[  217.767243] cloud-init[1102]: Cloud-init v. 21.3-1-g6803368d-0ubuntu1~18.04.4 running 'modules:config' at Tue, 23 Nov 2021 22:40:24 +0000. Up 216.45 seconds.
[[0;32m  OK  [0m] Started Apply the settings specified in cloud-config.
         Starting Execute cloud user/final scripts...

Ubuntu 18.04.6 LTS ubuntu-bionic ttyS0

ubuntu-bionic login: ci-info: no authorized SSH keys fingerprints found for user ubuntu.
<14>Nov 23 22:40:27 cloud-init: #############################################################
<14>Nov 23 22:40:27 cloud-init: -----BEGIN SSH HOST KEY FINGERPRINTS-----
<14>Nov 23 22:40:27 cloud-init: 1024 SHA256:RbhwzDekHNTe+BPUDtwnHSLKYdX8fuCcXfs0fqdMGZg root@ubuntu-bionic (DSA)
<14>Nov 23 22:40:27 cloud-init: 256 SHA256:aKifCeLpuNjB2WL5V9qKQzs57XXJerQSD5zv4XYuLU8 root@ubuntu-bionic (ECDSA)
<14>Nov 23 22:40:27 cloud-init: 256 SHA256:Ad1BPxGpHMIrkgPu9iKLF8MGgPmKvGwha1Q3cR1JmlE root@ubuntu-bionic (ED25519)
<14>Nov 23 22:40:27 cloud-init: 2048 SHA256:H7PuYERfxRaAUxZ45GOq94lk/ljqem/S8Ma+dZ6Rkvs root@ubuntu-bionic (RSA)
<14>Nov 23 22:40:27 cloud-init: -----END SSH HOST KEY FINGERPRINTS-----
<14>Nov 23 22:40:27 cloud-init: #############################################################
-----BEGIN SSH HOST KEY KEYS-----
ecdsa-sha2-nistp256 AAAAE2VjZHNhLXNoYTItbmlzdHAyNTYAAAAIbmlzdHAyNTYAAABBBEvTf3sBKJI+FQNk9+QPbQaA7d9B7tZZo7Uug1VzQmyhaFi5CdFGFqbRUNAeb9PfMPFU01SCPXz5Zjos0rXyj+4= root@ubuntu-bionic
ssh-ed25519 AAAAC3NzaC1lZDI1NTE5AAAAIO353VPM3drr7eEUZ7AFN+jfkf1VkSaL9hYDmjZTOYyC root@ubuntu-bionic
ssh-rsa AAAAB3NzaC1yc2EAAAADAQABAAABAQDFzSl6+CAywuJYsOWElXiPBAhVCeAFbsYGe99HyWPqoHMdXrACmEr6SQT9VKY2J3LhpBU5Xc0RZC6AYzEgmsnSwJDu/IIap3YfdH2ntRYN5AnKI67V6idxBlfC/JEai8EJpssvhK+vU+g/44K3f9Ko1Z1/RxF042z1giu7mFRmdgtwhXHWVyrC36jDdxE90YNnrF+oEXwYU3T/bcBsm0Fb9Upx3i11Ndzdf4g5aRWXRYdDyw3yy8bQQ47M4ky7EUhnwlDlqARCv+WVRPiyBtHa0EyItl9IF3AlyHGxXZHkY7KfAVC0ZFxn7GAYlZma4SPxRC+c1yqF+W6PHsq3Gufz root@ubuntu-bionic
-----END SSH HOST KEY KEYS-----
[  219.592753] cloud-init[1217]: Cloud-init v. 21.3-1-g6803368d-0ubuntu1~18.04.4 running 'modules:final' at Tue, 23 Nov 2021 22:40:27 +0000. Up 219.20 seconds.
[  219.619546] cloud-init[1217]: ci-info: no authorized SSH keys fingerprints found for user ubuntu.
[  219.646013] cloud-init[1217]: Cloud-init v. 21.3-1-g6803368d-0ubuntu1~18.04.4 finished at Tue, 23 Nov 2021 22:40:27 +0000. Datasource DataSourceNoCloud [seed=/dev/sdb][dsmode=net].  Up 219.51 seconds
         Stopping Session 7 of user vagrant.
[[0;32m  OK  [0m] Stopped target Cloud-init target.
[[0;32m  OK  [0m] Stopped Execute cloud user/final scripts.
[[0;32m  OK  [0m] Stopped Apply the settings specified in cloud-config.
[[0;32m  OK  [0m] Stopped target Cloud-config availability.
         Stopping Authorization Manager...
[[0;32m  OK  [0m] Stopped target Timers.
[[0;32m  OK  [0m] Stopped Message of the Day.
[[0;32m  OK  [0m] Stopped Daily apt upgrade and clean activities.
[[0;32m  OK  [0m] Stopped Daily apt download activities.
[[0;32m  OK  [0m] Stopped Discard unused blocks once a week.
[[0;32m  OK  [0m] Stopped Ubuntu Advantage Timer for running repeated jobs.
[[0;32m  OK  [0m] Stopped Daily Cleanup of Temporary Directories.
[[0;32m  OK  [0m] Stopped target System Time Synchronized.
[[0;32m  OK  [0m] Stopped target Graphical Interface.
         Stopping Accounts Service...
[[0;32m  OK  [0m] Stopped target Multi-User System.
         Stopping Dispatcher daemon for systemd-networkd...
[[0;32m  OK  [0m] Stopped Wait until snapd is fully seeded.
         Stopping Deferred execution scheduler...
[[0;32m  OK  [0m] Stopped target Login Prompts.
         Stopping Getty on tty1...
         Stopping Serial Getty on ttyS0...
         Stopping FUSE filesystem for LXC...
         Stopping D-Bus System Message Bus...
         Stopping System Logging Service...
         Stopping irqbalance daemon...
         Stopping LXD - container startup/shutdown...
         Stopping LSB: Record successful boot for GRUB...
         Stopping LSB: automatic crash report generation...
         Stopping Virtualbox guest utils...
         Stopping OpenBSD Secure Shell server...
[[0;32m  OK  [0m] Closed Load/Save RF Kill Switch Status /dev/rfkill Watch.
         Stopping Regular background program processing daemon...
[[0;32m  OK  [0m] Stopped target Host and Network Name Lookups.
         Stopping Availability of block devices...
         Stopping User Manager for UID 1000...
[[0;32m  OK  [0m] Unmounted /var/lib/lxcfs.
[[0;32m  OK  [0m] Stopped Accounts Service.
[[0;32m  OK  [0m] Stopped System Logging Service.
[[0;32m  OK  [0m] Stopped Regular background program processing daemon.
[[0;32m  OK  [0m] Stopped Dispatcher daemon for systemd-networkd.
[[0;32m  OK  [0m] Stopped irqbalance daemon.
[[0;32m  OK  [0m] Stopped Deferred execution scheduler.
[[0;32m  OK  [0m] Stopped Serial Getty on ttyS0.
[[0;32m  OK  [0m] Stopped Getty on tty1.
[[0;32m  OK  [0m] Stopped Authorization Manager.
[[0;32m  OK  [0m] Stopped OpenBSD Secure Shell server.
[[0;32m  OK  [0m] Stopped User Manager for UID 1000.
[[0;32m  OK  [0m] Stopped D-Bus System Message Bus.
[[0;32m  OK  [0m] Stopped FUSE filesystem for LXC.
[[0;32m  OK  [0m] Stopped Session 7 of user vagrant.
[[0;32m  OK  [0m] Removed slice User Slice of vagrant.
         Stopping Login Service...
[[0;32m  OK  [0m] Removed slice system-getty.slice.
[[0;32m  OK  [0m] Removed slice system-serial\x2dgetty.slice.
         Stopping Permit User Sessions...
[[0;32m  OK  [0m] Stopped LSB: Record successful boot for GRUB.
[[0;32m  OK  [0m] Stopped LXD - container startup/shutdown.
[[0;32m  OK  [0m] Stopped Permit User Sessions.
[[0;32m  OK  [0m] Stopped Availability of block devices.
[[0;32m  OK  [0m] Stopped LSB: automatic crash report generation.
[[0;32m  OK  [0m] Stopped target Remote File Systems.
         Unmounting /tmp/vagrant-puppet/modu…823b2ccadc3a4eee462f4b81840abed...
         Unmounting /tmp/vagrant-puppet/mani…11d1078b1b1f2e3bdea27312f6ba513...
         Unmounting /vagrant...
[[0;32m  OK  [0m] Unmounted /tmp/vagrant-puppet/modul…-7823b2ccadc3a4eee462f4b81840abed.
[[0;32m  OK  [0m] Unmounted /tmp/vagrant-puppet/manif…-a11d1078b1b1f2e3bdea27312f6ba513.
[[0;32m  OK  [0m] Stopped Login Service.
[[0;32m  OK  [0m] Stopped Virtualbox guest utils.
[[0;32m  OK  [0m] Unmounted /vagrant.
[[0;32m  OK  [0m] Stopped target Basic System.
[[0;32m  OK  [0m] Stopped target Paths.
[[0;32m  OK  [0m] Stopped ACPI Events Check.
[[0;32m  OK  [0m] Stopped Trigger to poll for Ubuntu …(Only enabled on GCP LTS non-pro).
[[0;32m  OK  [0m] Stopped target Sockets.
[[0;32m  OK  [0m] Closed Syslog Socket.
[[0;32m  OK  [0m] Closed Socket activation for snappy daemon.
[[0;32m  OK  [0m] Closed UUID daemon activation socket.
[[0;32m  OK  [0m] Closed cloud-init hotplug hook socket.
[[0;32m  OK  [0m] Closed ACPID Listen Socket.
[[0;32m  OK  [0m] Closed LXD - unix socket.
[[0;32m  OK  [0m] Closed D-Bus System Message Bus Socket.
[[0;32m  OK  [0m] Closed Open-iSCSI iscsid Socket.
[[0;32m  OK  [0m] Stopped target System Initialization.
         Stopping Update UTMP about System Boot/Shutdown...
[[0;32m  OK  [0m] Stopped target Local Encrypted Volumes.
[[0;32m  OK  [0m] Stopped Forward Password Requests to Wall Directory Watch.
[[0;32m  OK  [0m] Stopped Dispatch Password Requests to Console Directory Watch.
[[0;32m  OK  [0m] Stopped Commit a transient machine-id on disk.
         Stopping Load/Save Random Seed...
[[0;32m  OK  [0m] Stopped target Slices.
[[0;32m  OK  [0m] Removed slice User and Session Slice.
[[0;32m  OK  [0m] Stopped target User and Group Name Lookups.
[[0;32m  OK  [0m] Stopped target Remote File Systems (Pre).
[[0;32m  OK  [0m] Stopped target Network is Online.
[[0;32m  OK  [0m] Stopped Initial cloud-init job (metadata service crawler).
[[0;32m  OK  [0m] Stopped target Network.
         Stopping Network Name Resolution...
[[0;32m  OK  [0m] Stopped Load/Save Random Seed.
[[0;32m  OK  [0m] Stopped Update UTMP about System Boot/Shutdown.
[[0;32m  OK  [0m] Stopped Network Name Resolution.
[[0;32m  OK  [0m] Stopped Create Volatile Files and Directories.
[[0;32m  OK  [0m] Stopped target Local File Systems.
         Unmounting /run/user/1000...
         Stopping Network Service...
[[0;32m  OK  [0m] Unmounted /run/user/1000.
[[0;32m  OK  [0m] Reached target Unmount All Filesystems.
[[0;32m  OK  [0m] Stopped target Swap.
[[0;32m  OK  [0m] Stopped target Local File Systems (Pre).
         Stopping Monitoring of LVM2 mirrors…ng dmeventd or progress polling...
[[0;32m  OK  [0m] Stopped Create Static Device Nodes in /dev.
[[0;32m  OK  [0m] Stopped Monitoring of LVM2 mirrors,…sing dmeventd or progress polling.
         Stopping LVM2 metadata daemon...
[[0;32m  OK  [0m] Stopped LVM2 metadata daemon.
[[0;32m  OK  [0m] Stopped Network Service.
[[0;32m  OK  [0m] Stopped Apply Kernel Variables.
[[0;32m  OK  [0m] Stopped Load Kernel Modules.
[[0;32m  OK  [0m] Stopped target Network (Pre).
[[0;32m  OK  [0m] Stopped Initial cloud-init job (pre-networking).
[[0;32m  OK  [0m] Stopped Remount Root and Kernel File Systems.
[[0;32m  OK  [0m] Reached target Shutdown.
[[0;32m  OK  [0m] Reached target Final Step.
         Starting Power-Off...
[  595.162343] reboot: Power down
