[    0.000000] Linux version 4.15.0-162-generic (buildd@lcy01-amd64-007) (gcc version 7.5.0 (Ubuntu 7.5.0-3ubuntu1~18.04)) #170-Ubuntu SMP Mon Oct 18 11:38:05 UTC 2021 (Ubuntu 4.15.0-162.170-generic 4.15.18)
[    0.000000] Command line: BOOT_IMAGE=/boot/vmlinuz-4.15.0-162-generic root=LABEL=cloudimg-rootfs ro console=tty1 console=ttyS0
[    0.000000] KERNEL supported cpus:
[    0.000000]   Intel GenuineIntel
[    0.000000]   AMD AuthenticAMD
[    0.000000]   Centaur CentaurHauls
[    0.000000] x86/fpu: x87 FPU will use FXSAVE
[    0.000000] e820: BIOS-provided physical RAM map:
[    0.000000] BIOS-e820: [mem 0x0000000000000000-0x000000000009fbff] usable
[    0.000000] BIOS-e820: [mem 0x000000000009fc00-0x000000000009ffff] reserved
[    0.000000] BIOS-e820: [mem 0x00000000000f0000-0x00000000000fffff] reserved
[    0.000000] BIOS-e820: [mem 0x0000000000100000-0x000000003ffeffff] usable
[    0.000000] BIOS-e820: [mem 0x000000003fff0000-0x000000003fffffff] ACPI data
[    0.000000] BIOS-e820: [mem 0x00000000fec00000-0x00000000fec00fff] reserved
[    0.000000] BIOS-e820: [mem 0x00000000fee00000-0x00000000fee00fff] reserved
[    0.000000] BIOS-e820: [mem 0x00000000fffc0000-0x00000000ffffffff] reserved
[    0.000000] NX (Execute Disable) protection: active
[    0.000000] SMBIOS 2.5 present.
[    0.000000] DMI: innotek GmbH VirtualBox/VirtualBox, BIOS VirtualBox 12/01/2006
[    0.000000] Hypervisor detected: KVM
[    0.000000] e820: last_pfn = 0x3fff0 max_arch_pfn = 0x400000000
[    0.000000] MTRR: Disabled
[    0.000000] x86/PAT: MTRRs disabled, skipping PAT initialization too.
[    0.000000] CPU MTRRs all blank - virtualized system.
[    0.000000] x86/PAT: Configuration [0-7]: WB  WT  UC- UC  WB  WT  UC- UC  
[    0.000000] found SMP MP-table at [mem 0x0009fff0-0x0009ffff]
[    0.000000] Scanning 1 areas for low memory corruption
[    0.000000] RAMDISK: [mem 0x359cd000-0x36cddfff]
[    0.000000] ACPI: Early table checksum verification disabled
[    0.000000] ACPI: RSDP 0x00000000000E0000 000024 (v02 VBOX  )
[    0.000000] ACPI: XSDT 0x000000003FFF0030 00003C (v01 VBOX   VBOXXSDT 00000001 ASL  00000061)
[    0.000000] ACPI: FACP 0x000000003FFF00F0 0000F4 (v04 VBOX   VBOXFACP 00000001 ASL  00000061)
[    0.000000] ACPI: DSDT 0x000000003FFF0470 002325 (v02 VBOX   VBOXBIOS 00000002 INTL 20100528)
[    0.000000] ACPI: FACS 0x000000003FFF0200 000040
[    0.000000] ACPI: FACS 0x000000003FFF0200 000040
[    0.000000] ACPI: APIC 0x000000003FFF0240 00005C (v02 VBOX   VBOXAPIC 00000001 ASL  00000061)
[    0.000000] ACPI: SSDT 0x000000003FFF02A0 0001CC (v01 VBOX   VBOXCPUT 00000002 INTL 20100528)
[    0.000000] ACPI: Reserving FACP table memory at [mem 0x3fff00f0-0x3fff01e3]
[    0.000000] ACPI: Reserving DSDT table memory at [mem 0x3fff0470-0x3fff2794]
[    0.000000] ACPI: Reserving FACS table memory at [mem 0x3fff0200-0x3fff023f]
[    0.000000] ACPI: Reserving FACS table memory at [mem 0x3fff0200-0x3fff023f]
[    0.000000] ACPI: Reserving APIC table memory at [mem 0x3fff0240-0x3fff029b]
[    0.000000] ACPI: Reserving SSDT table memory at [mem 0x3fff02a0-0x3fff046b]
[    0.000000] No NUMA configuration found
[    0.000000] Faking a node at [mem 0x0000000000000000-0x000000003ffeffff]
[    0.000000] NODE_DATA(0) allocated [mem 0x3ffc5000-0x3ffeffff]
[    0.000000] kvm-clock: cpu 0, msr 0:3ff44001, primary cpu clock
[    0.000000] kvm-clock: Using msrs 4b564d01 and 4b564d00
[    0.000000] kvm-clock: using sched offset of 4976164538 cycles
[    0.000000] clocksource: kvm-clock: mask: 0xffffffffffffffff max_cycles: 0x1cd42e4dffb, max_idle_ns: 881590591483 ns
[    0.000000] Zone ranges:
[    0.000000]   DMA      [mem 0x0000000000001000-0x0000000000ffffff]
[    0.000000]   DMA32    [mem 0x0000000001000000-0x000000003ffeffff]
[    0.000000]   Normal   empty
[    0.000000]   Device   empty
[    0.000000] Movable zone start for each node
[    0.000000] Early memory node ranges
[    0.000000]   node   0: [mem 0x0000000000001000-0x000000000009efff]
[    0.000000]   node   0: [mem 0x0000000000100000-0x000000003ffeffff]
[    0.000000] Reserved but unavailable: 104 pages
[    0.000000] Initmem setup node 0 [mem 0x0000000000001000-0x000000003ffeffff]
[    0.000000] ACPI: PM-Timer IO Port: 0x4008
[    0.000000] IOAPIC[0]: apic_id 2, version 32, address 0xfec00000, GSI 0-23
[    0.000000] ACPI: INT_SRC_OVR (bus 0 bus_irq 0 global_irq 2 dfl dfl)
[    0.000000] ACPI: INT_SRC_OVR (bus 0 bus_irq 9 global_irq 9 low level)
[    0.000000] Using ACPI (MADT) for SMP configuration information
[    0.000000] smpboot: Allowing 2 CPUs, 0 hotplug CPUs
[    0.000000] PM: Registered nosave memory: [mem 0x00000000-0x00000fff]
[    0.000000] PM: Registered nosave memory: [mem 0x0009f000-0x0009ffff]
[    0.000000] PM: Registered nosave memory: [mem 0x000a0000-0x000effff]
[    0.000000] PM: Registered nosave memory: [mem 0x000f0000-0x000fffff]
[    0.000000] e820: [mem 0x40000000-0xfebfffff] available for PCI devices
[    0.000000] Booting paravirtualized kernel on KVM
[    0.000000] clocksource: refined-jiffies: mask: 0xffffffff max_cycles: 0xffffffff, max_idle_ns: 7645519600211568 ns
[    0.000000] random: get_random_bytes called from start_kernel+0x99/0x500 with crng_init=0
[    0.000000] setup_percpu: NR_CPUS:8192 nr_cpumask_bits:2 nr_cpu_ids:2 nr_node_ids:1
[    0.000000] percpu: Embedded 45 pages/cpu s147456 r8192 d28672 u1048576
[    0.000000] PV qspinlock hash table entries: 256 (order: 0, 4096 bytes)
[    0.000000] Built 1 zonelists, mobility grouping on.  Total pages: 257913
[    0.000000] Policy zone: DMA32
[    0.000000] Kernel command line: BOOT_IMAGE=/boot/vmlinuz-4.15.0-162-generic root=LABEL=cloudimg-rootfs ro console=tty1 console=ttyS0
[    0.000000] Memory: 982712K/1048120K available (12300K kernel code, 2483K rwdata, 4320K rodata, 2448K init, 2724K bss, 65408K reserved, 0K cma-reserved)
[    0.000000] SLUB: HWalign=64, Order=0-3, MinObjects=0, CPUs=2, Nodes=1
[    0.000000] ftrace: allocating 39475 entries in 155 pages
[    0.004000] Hierarchical RCU implementation.
[    0.004000] 	RCU restricting CPUs from NR_CPUS=8192 to nr_cpu_ids=2.
[    0.004000] 	Tasks RCU enabled.
[    0.004000] RCU: Adjusting geometry for rcu_fanout_leaf=16, nr_cpu_ids=2
[    0.004000] NR_IRQS: 524544, nr_irqs: 440, preallocated irqs: 16
[    0.004000] Console: colour VGA+ 80x25
[    0.004000] console [tty1] enabled
[    0.004000] console [ttyS0] enabled
[    0.004000] ACPI: Core revision 20170831
[    0.004000] ACPI: 2 ACPI AML tables successfully acquired and loaded
[    0.004000] APIC: Switch to symmetric I/O mode setup
[    0.004000] ..TIMER: vector=0x30 apic1=0 pin1=2 apic2=-1 pin2=-1
[    0.004023] tsc: Detected 2803.208 MHz processor
[    0.008023] Calibrating delay loop (skipped) preset value.. 5606.41 BogoMIPS (lpj=11212832)
[    0.012006] pid_max: default: 32768 minimum: 301
[    0.016323] Security Framework initialized
[    0.020009] Yama: becoming mindful.
[    0.024096] AppArmor: AppArmor initialized
[    0.034444] Dentry cache hash table entries: 131072 (order: 8, 1048576 bytes)
[    0.040600] Inode-cache hash table entries: 65536 (order: 7, 524288 bytes)
[    0.044115] Mount-cache hash table entries: 2048 (order: 2, 16384 bytes)
[    0.048073] Mountpoint-cache hash table entries: 2048 (order: 2, 16384 bytes)
[    0.053482] Last level iTLB entries: 4KB 0, 2MB 0, 4MB 0
[    0.056005] Last level dTLB entries: 4KB 0, 2MB 0, 4MB 0, 1GB 0
[    0.060006] Spectre V1 : Mitigation: usercopy/swapgs barriers and __user pointer sanitization
[    0.064005] Spectre V2 : Mitigation: Enhanced IBRS
[    0.068002] Spectre V2 : Spectre v2 / SpectreRSB mitigation: Filling RSB on context switch
[    0.072008] Speculative Store Bypass: Vulnerable
[    0.075577] Freeing SMP alternatives memory: 36K
[    0.190447] smpboot: CPU0: 11th Gen Intel(R) Core(TM) i7-1165G7 @ 2.80GHz (family: 0x6, model: 0x8c, stepping: 0x1)
[    0.196452] Performance Events: unsupported p6 CPU model 140 no PMU driver, software events only.
[    0.200109] Hierarchical SRCU implementation.
[    0.204981] NMI watchdog: Perf event create on CPU 0 failed with -2
[    0.208005] NMI watchdog: Perf NMI watchdog permanently disabled
[    0.212321] smp: Bringing up secondary CPUs ...
[    0.216763] x86: Booting SMP configuration:
[    0.220005] .... node  #0, CPUs:      #1
[    0.004000] kvm-clock: cpu 1, msr 0:3ff44041, secondary cpu clock
[    0.232115] smp: Brought up 1 node, 2 CPUs
[    0.236009] smpboot: Max logical packages: 1
[    0.240004] smpboot: Total of 2 processors activated (11212.83 BogoMIPS)
[    0.248750] devtmpfs: initialized
[    0.252106] x86/mm: Memory block size: 128MB
[    0.256357] evm: security.selinux
[    0.260002] evm: security.SMACK64
[    0.262536] evm: security.SMACK64EXEC
[    0.264002] evm: security.SMACK64TRANSMUTE
[    0.268002] evm: security.SMACK64MMAP
[    0.272002] evm: security.apparmor
[    0.276003] evm: security.ima
[    0.278638] evm: security.capability
[    0.280420] clocksource: jiffies: mask: 0xffffffff max_cycles: 0xffffffff, max_idle_ns: 7645041785100000 ns
[    0.284097] futex hash table entries: 512 (order: 3, 32768 bytes)
[    0.288192] pinctrl core: initialized pinctrl subsystem
[    0.292501] RTC time: 17:48:23, date: 12/08/21
[    0.297427] NET: Registered protocol family 16
[    0.300134] audit: initializing netlink subsys (disabled)
[    0.304092] audit: type=2000 audit(1638985709.162:1): state=initialized audit_enabled=0 res=1
[    0.312010] cpuidle: using governor ladder
[    0.316011] cpuidle: using governor menu
[    0.319955] ACPI: bus type PCI registered
[    0.320005] acpiphp: ACPI Hot Plug PCI Controller Driver version: 0.5
[    0.324474] PCI: Using configuration type 1 for base access
[    0.340521] HugeTLB registered 2.00 MiB page size, pre-allocated 0 pages
[    0.348863] ACPI: Added _OSI(Module Device)
[    0.352006] ACPI: Added _OSI(Processor Device)
[    0.356010] ACPI: Added _OSI(3.0 _SCP Extensions)
[    0.360005] ACPI: Added _OSI(Processor Aggregator Device)
[    0.364005] ACPI: Added _OSI(Linux-Dell-Video)
[    0.367836] ACPI: Added _OSI(Linux-Lenovo-NV-HDMI-Audio)
[    0.368012] ACPI: Added _OSI(Linux-HPI-Hybrid-Graphics)
[    0.373817] ACPI: Executed 1 blocks of module-level executable AML code
[    0.381446] ACPI: Interpreter enabled
[    0.384018] ACPI: (supports S0 S5)
[    0.388004] ACPI: Using IOAPIC for interrupt routing
[    0.392401] PCI: Using host bridge windows from ACPI; if necessary, use "pci=nocrs" and report a bug
[    0.396294] ACPI: Enabled 2 GPEs in block 00 to 07
[    0.410828] ACPI: PCI Root Bridge [PCI0] (domain 0000 [bus 00-ff])
[    0.412013] acpi PNP0A03:00: _OSC: OS supports [ASPM ClockPM Segments MSI]
[    0.416784] acpi PNP0A03:00: _OSC: not requesting OS control; OS requires [ExtendedConfig ASPM ClockPM MSI]
[    0.420020] acpi PNP0A03:00: fail to add MMCONFIG information, can't access extended PCI configuration space under this bridge.
[    0.428873] PCI host bridge to bus 0000:00
[    0.432006] pci_bus 0000:00: root bus resource [io  0x0000-0x0cf7 window]
[    0.436007] pci_bus 0000:00: root bus resource [io  0x0d00-0xffff window]
[    0.440006] pci_bus 0000:00: root bus resource [mem 0x000a0000-0x000bffff window]
[    0.444006] pci_bus 0000:00: root bus resource [mem 0x40000000-0xfdffffff window]
[    0.448007] pci_bus 0000:00: root bus resource [bus 00-ff]
[    0.460768] pci 0000:00:01.1: legacy IDE quirk: reg 0x10: [io  0x01f0-0x01f7]
[    0.464007] pci 0000:00:01.1: legacy IDE quirk: reg 0x14: [io  0x03f6]
[    0.468006] pci 0000:00:01.1: legacy IDE quirk: reg 0x18: [io  0x0170-0x0177]
[    0.472043] pci 0000:00:01.1: legacy IDE quirk: reg 0x1c: [io  0x0376]
[    0.592693] pci 0000:00:07.0: quirk: [io  0x4000-0x403f] claimed by PIIX4 ACPI
[    0.604036] pci 0000:00:07.0: quirk: [io  0x4100-0x410f] claimed by PIIX4 SMB
[    0.632157] ACPI: PCI Interrupt Link [LNKA] (IRQs 5 9 10 *11)
[    0.640156] ACPI: PCI Interrupt Link [LNKB] (IRQs 5 9 *10 11)
[    0.652230] ACPI: PCI Interrupt Link [LNKC] (IRQs 5 *9 10 11)
[    0.664190] ACPI: PCI Interrupt Link [LNKD] (IRQs 5 9 10 *11)
[    0.676833] SCSI subsystem initialized
[    0.684187] pci 0000:00:02.0: vgaarb: setting as boot VGA device
[    0.688000] pci 0000:00:02.0: vgaarb: VGA device added: decodes=io+mem,owns=io+mem,locks=none
[    0.708049] pci 0000:00:02.0: vgaarb: bridge control possible
[    0.720004] vgaarb: loaded
[    0.724085] ACPI: bus type USB registered
[    0.728044] usbcore: registered new interface driver usbfs
[    0.736028] usbcore: registered new interface driver hub
[    0.744028] usbcore: registered new device driver usb
[    0.756006] EDAC MC: Ver: 3.0.0
[    0.764197] PCI: Using ACPI for IRQ routing
[    0.768737] NetLabel: Initializing
[    0.776003] NetLabel:  domain hash size = 128
[    0.780002] NetLabel:  protocols = UNLABELED CIPSOv4 CALIPSO
[    0.788131] NetLabel:  unlabeled traffic allowed by default
[    0.796188] clocksource: Switched to clocksource kvm-clock
[    0.858469] VFS: Disk quotas dquot_6.6.0
[    0.863614] VFS: Dquot-cache hash table entries: 512 (order 0, 4096 bytes)
[    0.872399] AppArmor: AppArmor Filesystem Enabled
[    0.878298] pnp: PnP ACPI init
[    0.884183] pnp: PnP ACPI: found 3 devices
[    0.900151] clocksource: acpi_pm: mask: 0xffffff max_cycles: 0xffffff, max_idle_ns: 2085701024 ns
[    0.908804] NET: Registered protocol family 2
[    0.914380] IP idents hash table entries: 16384 (order: 5, 131072 bytes)
[    0.921033] TCP established hash table entries: 8192 (order: 4, 65536 bytes)
[    0.930913] TCP bind hash table entries: 8192 (order: 5, 131072 bytes)
[    0.938590] TCP: Hash tables configured (established 8192 bind 8192)
[    0.945319] UDP hash table entries: 512 (order: 2, 16384 bytes)
[    0.951396] UDP-Lite hash table entries: 512 (order: 2, 16384 bytes)
[    0.957628] NET: Registered protocol family 1
[    0.963403] pci 0000:00:00.0: Limiting direct PCI/PCI transfers
[    0.970747] pci 0000:00:01.0: Activating ISA DMA hang workarounds
[    0.978627] pci 0000:00:02.0: Video device with shadowed ROM at [mem 0x000c0000-0x000dffff]
[    0.989891] Unpacking initramfs...
[    1.594615] Freeing initrd memory: 19524K
[    1.599903] clocksource: tsc: mask: 0xffffffffffffffff max_cycles: 0x28681735596, max_idle_ns: 440795300535 ns
[    1.611622] platform rtc_cmos: registered platform RTC device (no PNP device found)
[    1.621767] Scanning for low memory corruption every 60 seconds
[    1.631028] Initialise system trusted keyrings
[    1.637934] Key type blacklist registered
[    1.644771] workingset: timestamp_bits=36 max_order=18 bucket_order=0
[    1.657475] zbud: loaded
[    1.661031] squashfs: version 4.0 (2009/01/31) Phillip Lougher
[    1.666427] fuse init (API version 7.26)
[    1.693032] Key type asymmetric registered
[    1.696954] Asymmetric key parser 'x509' registered
[    1.701154] Block layer SCSI generic (bsg) driver version 0.4 loaded (major 246)
[    1.707611] io scheduler noop registered
[    1.712167] io scheduler deadline registered
[    1.716277] io scheduler cfq registered (default)
[    1.720743] ACPI: AC Adapter [AC] (on-line)
[    1.724777] input: Power Button as /devices/LNXSYSTM:00/LNXPWRBN:00/input/input0
[    1.731046] ACPI: Power Button [PWRF]
[    1.734333] input: Sleep Button as /devices/LNXSYSTM:00/LNXSLPBN:00/input/input1
[    1.740268] ACPI: Sleep Button [SLPF]
[    1.744269] Serial: 8250/16550 driver, 32 ports, IRQ sharing enabled
[    1.745794] ACPI: Battery Slot [BAT0] (battery present)
[    1.778625] 00:02: ttyS0 at I/O 0x3f8 (irq = 4, base_baud = 115200) is a 16550A
[    1.799806] Linux agpgart interface v0.103
[    1.807937] loop: module loaded
[    1.814783] scsi host0: ata_piix
[    1.821723] scsi host1: ata_piix
[    1.830685] ata1: PATA max UDMA/33 cmd 0x1f0 ctl 0x3f6 bmdma 0xd000 irq 14
[    1.848894] ata2: PATA max UDMA/33 cmd 0x170 ctl 0x376 bmdma 0xd008 irq 15
[    1.858552] libphy: Fixed MDIO Bus: probed
[    1.862379] tun: Universal TUN/TAP device driver, 1.6
[    1.866927] PPP generic driver version 2.4.2
[    1.870748] ehci_hcd: USB 2.0 'Enhanced' Host Controller (EHCI) Driver
[    1.876249] ehci-pci: EHCI PCI platform driver
[    1.880827] ehci-platform: EHCI generic platform driver
[    1.885933] ohci_hcd: USB 1.1 'Open' Host Controller (OHCI) Driver
[    1.890819] ohci-pci: OHCI PCI platform driver
[    1.894557] ohci-platform: OHCI generic platform driver
[    1.898837] uhci_hcd: USB Universal Host Controller Interface driver
[    1.904164] i8042: PNP: PS/2 Controller [PNP0303:PS2K,PNP0f03:PS2M] at 0x60,0x64 irq 1,12
[    1.913481] serio: i8042 KBD port at 0x60,0x64 irq 1
[    1.917347] serio: i8042 AUX port at 0x60,0x64 irq 12
[    1.921884] mousedev: PS/2 mouse device common for all mice
[    1.927610] input: AT Translated Set 2 keyboard as /devices/platform/i8042/serio0/input/input2
[    1.933332] rtc_cmos rtc_cmos: rtc core: registered rtc_cmos as rtc0
[    1.940154] rtc_cmos rtc_cmos: alarms up to one day, 114 bytes nvram
[    1.944553] i2c /dev entries driver
[    1.947321] device-mapper: uevent: version 1.0.3
[    1.948435] device-mapper: ioctl: 4.37.0-ioctl (2017-09-20) initialised: dm-devel@redhat.com
[    1.956888] ledtrig-cpu: registered to indicate activity on CPUs
[    1.963073] NET: Registered protocol family 10
[    1.979811] Segment Routing with IPv6
[    1.988419] NET: Registered protocol family 17
[    1.996252] Key type dns_resolver registered
[    2.000834] mce: Using 0 MCE banks
[    2.003563] RAS: Correctable Errors collector initialized.
[    2.009052] sched_clock: Marking stable (2008918774, 0)->(2897548791, -888630017)
[    2.077284] registered taskstats version 1
[    2.086276] Loading compiled-in X.509 certificates
[    2.102307] Loaded X.509 cert 'Build time autogenerated kernel key: ebed311aedd59d9a851620769f4a146e4e1d43c6'
[    2.118782] Loaded X.509 cert 'Canonical Ltd. Live Patch Signing: 14df34d1a87cf37625abec039ef2bf521249b969'
[    2.132992] Loaded X.509 cert 'Canonical Ltd. Kernel Module Signing: 88f752e560a1e0737e31163a466ad7b70a850c19'
[    2.146284] zswap: loaded using pool lzo/zbud
[    2.169034] Key type big_key registered
[    2.175471] Key type trusted registered
[    2.184422] Key type encrypted registered
[    2.188723] AppArmor: AppArmor sha1 policy hashing enabled
[    2.194120] ima: No TPM chip found, activating TPM-bypass! (rc=-19)
[    2.199524] ima: Allocated hash algorithm: sha1
[    2.203333] evm: HMAC attrs: 0x1
[    2.207704]   Magic number: 1:230:845
[    2.211835] rtc_cmos rtc_cmos: setting system clock to 2021-12-08 17:48:25 UTC (1638985705)
[    2.219113] BIOS EDD facility v0.16 2004-Jun-25, 0 devices found
[    2.224305] EDD information not available.
[    2.231473] Freeing unused kernel image memory: 2448K
[    2.252751] Write protecting the kernel read-only data: 20480k
[    2.262671] Freeing unused kernel image memory: 2008K
[    2.272666] Freeing unused kernel image memory: 1824K
[    2.285627] x86/mm: Checked W+X mappings: passed, no W+X pages found.
Loading, please wait...
starting version 237
[    2.442123] Fusion MPT base driver 3.04.20
[    2.449432] Copyright (c) 1999-2008 LSI Corporation
[    2.458375] e1000: Intel(R) PRO/1000 Network Driver - version 7.3.21-k8-NAPI
[    2.470268] e1000: Copyright (c) 1999-2006 Intel Corporation.
[    2.486244] Fusion MPT SPI Host driver 3.04.20
[    2.653799] input: ImExPS/2 Generic Explorer Mouse as /devices/platform/i8042/serio1/input/input4
[    3.141470] e1000 0000:00:03.0 eth0: (PCI:33MHz:32-bit) 02:38:bc:e5:bf:66
[    3.150355] e1000 0000:00:03.0 eth0: Intel(R) PRO/1000 Network Connection
[    3.162420] mptbase: ioc0: Initiating bringup
[    3.288021] ioc0: LSI53C1030 A0: Capabilities={Initiator}
[    4.088255] scsi host2: ioc0: LSI53C1030 A0, FwRev=00000000h, Ports=1, MaxQ=256, IRQ=20
[    4.318367] scsi 2:0:0:0: Direct-Access     VBOX     HARDDISK         1.0  PQ: 0 ANSI: 5
[    4.360103] scsi target2:0:0: Beginning Domain Validation
[    4.378808] scsi target2:0:0: Domain Validation skipping write tests
[    4.392341] scsi target2:0:0: Ending Domain Validation
[    4.401750] scsi target2:0:0: asynchronous
[    4.409321] scsi 2:0:1:0: Direct-Access     VBOX     HARDDISK         1.0  PQ: 0 ANSI: 5
[    4.816415] scsi target2:0:1: Beginning Domain Validation
[    4.832643] random: fast init done
[    4.850765] scsi target2:0:1: Domain Validation skipping write tests
[    4.862755] scsi target2:0:1: Ending Domain Validation
[    4.873722] scsi target2:0:1: asynchronous
[    4.897163] random: systemd-udevd: uninitialized urandom read (16 bytes read)
[    4.898327] sd 2:0:0:0: [sda] 83886080 512-byte logical blocks: (42.9 GB/40.0 GiB)
[    4.914695] random: systemd-udevd: uninitialized urandom read (16 bytes read)
[    4.932024] sd 2:0:0:0: [sda] Write Protect is off
[    4.949344] sd 2:0:0:0: Attached scsi generic sg0 type 0
[    4.956963] sd 2:0:0:0: [sda] Incomplete mode parameter data
[    4.965019] sd 2:0:0:0: [sda] Assuming drive cache: write through
[    4.972618] random: systemd-udevd: uninitialized urandom read (16 bytes read)
[    4.985309] sd 2:0:1:0: Attached scsi generic sg1 type 0
[    4.988426] e1000 0000:00:08.0 eth1: (PCI:33MHz:32-bit) 08:00:27:3c:3d:3b
[    5.002552]  sda: sda1
[    5.005526] e1000 0000:00:08.0 eth1: Intel(R) PRO/1000 Network Connection
[    5.010319] sd 2:0:1:0: [sdb] 20480 512-byte logical blocks: (10.5 MB/10.0 MiB)
[    5.024537] sd 2:0:1:0: [sdb] Write Protect is off
[    5.025588] e1000 0000:00:03.0 enp0s3: renamed from eth0
[    5.039461] sd 2:0:1:0: [sdb] Incomplete mode parameter data
[    5.046428] sd 2:0:1:0: [sdb] Assuming drive cache: write through
[    5.057291] sd 2:0:0:0: [sda] Attached SCSI disk
[    5.075776] sd 2:0:1:0: [sdb] Attached SCSI disk
[    5.116002] e1000 0000:00:08.0 enp0s8: renamed from eth1
Begin: Loading essential drivers ... [    7.380602] raid6: sse2x1   gen()  7795 MB/s
[    7.428441] raid6: sse2x1   xor()  5220 MB/s
[    7.480398] raid6: sse2x2   gen()  9938 MB/s
[    7.533123] raid6: sse2x2   xor()  6395 MB/s
[    7.584394] raid6: sse2x4   gen()  9648 MB/s
[    7.636147] raid6: sse2x4   xor()  5472 MB/s
[    7.642261] raid6: using algorithm sse2x2 gen() 9938 MB/s
[    7.648408] raid6: .... xor() 6395 MB/s, rmw enabled
[    7.652623] raid6: using ssse3x2 recovery algorithm
[    7.658867] xor: measuring software checksum speed
[   10.196099]    prefetch64-sse: -406238.-296 MB/sec
[   13.211057]    generic_sse: -605079.-296 MB/sec
[   13.217568] xor: using function: prefetch64-sse (-406238.-296 MB/sec)
[   13.230584] async_tx: api initialized (async)
done.
Begin: Running /scripts/init-premount ... done.
Begin: Mounting root file system ... Begin: Running /scripts/local-top ... done.
Begin: Running /scripts/local-premount ... [   13.331784] Btrfs loaded, crc32c=crc32c-intel
Scanning for Btrfs filesystems
done.
Warning: fsck not present, so skipping root file system
[   13.407399] EXT4-fs (sda1): mounted filesystem with ordered data mode. Opts: (null)
done.
Begin: Running /scripts/local-bottom ... done.
Begin: Running /scripts/init-bottom ... done.
[   13.660082] ip_tables: (C) 2000-2006 Netfilter Core Team
[   13.693045] systemd[1]: systemd 237 running in system mode. (+PAM +AUDIT +SELINUX +IMA +APPARMOR +SMACK +SYSVINIT +UTMP +LIBCRYPTSETUP +GCRYPT +GNUTLS +ACL +XZ +LZ4 +SECCOMP +BLKID +ELFUTILS +KMOD -IDN2 +IDN -PCRE2 default-hierarchy=hybrid)
[   13.711544] systemd[1]: Detected virtualization oracle.
[   13.720650] systemd[1]: Detected architecture x86-64.

Welcome to [1mUbuntu 18.04.6 LTS[0m!

[   13.780527] systemd[1]: Set hostname to <ubuntu>.
[   13.795588] systemd[1]: Initializing machine ID from random generator.
[   13.800705] systemd[1]: Installed transient /etc/machine-id file.
[   14.326041] systemd[1]: Created slice User and Session Slice.
[[0;32m  OK  [0m] Created slice User and Session Slice.
[   14.352547] systemd[1]: Set up automount Arbitrary Executable File Formats File System Automount Point.
[[0;32m  OK  [0m] Set up automount Arbitrary Executab…rmats File System Automount Point.
[   14.376859] systemd[1]: Reached target Swap.
[[0;32m  OK  [0m] Reached target Swap.
[   14.383711] systemd[1]: Started Forward Password Requests to Wall Directory Watch.
[[0;32m  OK  [0m] Started Forward Password Requests to Wall Directory Watch.
[[0;32m  OK  [0m] Created slice System Slice.
[[0;32m  OK  [0m] Listening on fsck to fsckd communication Socket.
[[0;32m  OK  [0m] Listening on Journal Socket (/dev/log).
[[0;32m  OK  [0m] Listening on Journal Socket.
         Mounting Kernel Debug File System...
         Starting Uncomplicated firewall...
         Starting Set the console keyboard layout...
[[0;32m  OK  [0m] Listening on Syslog Socket.
         Starting Create list of required st…ce nodes for the current kernel...
         Starting File System Check on Root Device...
[[0;32m  OK  [0m] Listening on Network Service Netlink Socket.
[[0;32m  OK  [0m] Listening on udev Kernel Socket.
[[0;32m  OK  [0m] Created slice system-serial\x2dgetty.slice.
[[0;32m  OK  [0m] Listening on /dev/initctl Compatibility Named Pipe.
[[0;32m  OK  [0m] Reached target Slices.
[[0;32m  OK  [0m] Listening on LVM2 metadata daemon socket.
         Mounting Huge Pages File System...
[[0;32m  OK  [0m] Listening on Journal Audit Socket.
[[0;32m  OK  [0m] Listening on udev Control Socket.
         Starting udev Coldplug all Devices...
[[0;32m  OK  [0m] Reached target System Time Synchronized.
[[0;32m  OK  [0m] Listening on Device-mapper event daemon FIFOs.
         Starting Monitoring of LVM2 mirrors…ng dmeventd or progress polling...
[[0;32m  OK  [0m] Listening on LVM2 poll daemon socket.
         Starting Journal Service...
         Starting Load Kernel Modules...
[[0;32m  OK  [0m] Reached target User and Group Name Lookups.
         Mounting POSIX Message Queue File System...
[[0;32m  OK  [0m] Mounted Kernel Debug File System.
[[0;32m  OK  [0m] Started Journal Service.
[[0;32m  OK  [0m[   14.704534] Loading iSCSI transport class v2.0-870.
] Started Uncomplicated firewall.
[[0;32m  OK  [0m] Started Set the console keyboard layout.
[[0;32m  OK  [0m] Started Create list of required sta…vice nodes for the current kernel.
[[0;32m  OK  [0m] Started File System Check on Root Device.
[[0;32m  OK  [0m] Mounted Huge Pages File System.
[[0;32m  OK  [0m] Mounted POSIX Message Queue File System.
[   14.733345] iscsi: registered transport (tcp)
[[0;32m  OK  [0m] Started LVM2 metadata daemon.
[[0;32m  OK  [0m] Started File System Check Daemon to report status.
         Starting Remount Root and Kernel File Systems...
         Starting Create Static Device Nodes in /dev...
[[0;32m  OK  [0m] Started udev Coldplug all Devices.
[[0;32m  OK  [0m] Started Create Static Device Nodes in /dev.
[[0;32m  OK  [0m] Started Monitoring of LVM2 mirrors,…sing dmeventd or progress polling.
[   14.866237] EXT4-fs (sda1): re-mounted. Opts: (null)
[[0;32m  OK  [0m] Started Remount Root and Kernel File Systems.
         Starting Flush Journal to Persistent Storage...
         Starting udev Kernel Device Manager...
[[0;32m  OK  [0m] Reached target Local File Systems (Pre).
[[0;32m  OK  [0m] Reached target Local File Systems.
         Starting ebtables ruleset management...
         Starting Tell Plymouth To Write Out Runtime Data...
         Starting AppArmor initialization...
         Starting Set console font and keymap...
         Starting Commit a transient machine-id on disk...
         Starting Load/Save Random Seed...
[   14.910236] systemd-journald[397]: Received request to flush runtime journal from PID 1
[[0;32m  OK  [0m] Started Tell Plymouth To Write Out Runtime Data.
[[0;32m  OK  [0m] Started Set console font and keymap.
[[0;32m  OK  [0m] Started Load/Save Random Seed.
[[0;32m  OK  [0m] Started udev Kernel Device Manager.
[[0;32m  OK  [0m] Started Dispatch Password Requests to Console Directory Watch.
[[0;32m  OK  [0m] Reached target Local Encrypted Volumes.
[   15.105508] iscsi: registered transport (iser)
[[0;32m  OK  [0m] Started Load Kernel Modules.
         Starting Apply Kernel Variables...
         Mounting Kernel Configuration File System...
         Mounting FUSE Control File System...
[[0;32m  OK  [0m] Started Flush Journal to Persistent Storage.
[[0;32m  OK  [0m] Started Commit a transient machine-id on disk.
[[0;32m  OK  [0m] Mounted Kernel Configuration File System.
[[0;32m  OK  [0m] Mounted FUSE Control File System.
         Starting Create Volatile Files and Directories...
[[0;32m  OK  [0m] Started Create Volatile Files and Directories.
[[0;32m  OK  [0m] Started Apply Kernel Variables.
[[0;32m  OK  [0m] Started ebtables ruleset management.
         Starting Update UTMP about System Boot/Shutdown...
[[0;32m  OK  [0m] Started Update UTMP about System Boot/Shutdown.
[[0;32m  OK  [0m] Found device /dev/ttyS0.
[[0;32m  OK  [0m] Listening on Load/Save RF Kill Switch Status /dev/rfkill Watch.
[[0;32m  OK  [0m] Started AppArmor initialization.
         Starting Load AppArmor profiles managed internally by snapd...
         Starting Initial cloud-init job (pre-networking)...
[[0;32m  OK  [0m] Started Load AppArmor profiles managed internally by snapd.
[   18.724843] cloud-init[565]: Cloud-init v. 21.3-1-g6803368d-0ubuntu1~18.04.4 running 'init-local' at Wed, 08 Dec 2021 17:48:41 +0000. Up 18.19 seconds.
[[0;32m  OK  [0m] Started Initial cloud-init job (pre-networking).
[[0;32m  OK  [0m] Reached target Network (Pre).
         Starting Network Service...
[[0;32m  OK  [0m] Started Network Service.
         Starting Wait for Network to be Configured...
         Starting Network Name Resolution...
[[0;32m  OK  [0m] Started Network Name Resolution.
[[0;32m  OK  [0m] Reached target Network.
[[0;32m  OK  [0m] Reached target Host and Network Name Lookups.
[[0;32m  OK  [0m] Started Wait for Network to be Configured.
         Starting Initial cloud-init job (metadata service crawler)...
[   21.376932] cloud-init[679]: Cloud-init v. 21.3-1-g6803368d-0ubuntu1~18.04.4 running 'init' at Wed, 08 Dec 2021 17:48:44 +0000. Up 21.20 seconds.
[   21.393057] cloud-init[679]: ci-info: ++++++++++++++++++++++++++++++++++++++Net device info+++++++++++++++++++++++++++++++++++++++
[   21.398772] cloud-init[679]: ci-info: +--------+-------+----------------------------+---------------+--------+-------------------+
[   21.401906] cloud-init[679]: ci-info: | Device |   Up  |          Address           |      Mask     | Scope  |     Hw-Address    |
[   21.407658] cloud-init[679]: ci-info: +--------+-------+----------------------------+---------------+--------+-------------------+
[   21.412792] cloud-init[679]: ci-info: | enp0s3 |  True |         10.0.2.15          | 255.255.255.0 | global | 02:38:bc:e5:bf:66 |
[   21.416483] cloud-init[679]: ci-info: | enp0s3 |  True | fe80::38:bcff:fee5:bf66/64 |       .       |  link  | 02:38:bc:e5:bf:66 |
[   21.419651] cloud-init[679]: ci-info: | enp0s8 | False |             .              |       .       |   .    | 08:00:27:3c:3d:3b |
[   21.422671] cloud-init[679]: ci-info: |   lo   |  True |         127.0.0.1          |   255.0.0.0   |  host  |         .         |
[   21.426013] cloud-init[679]: ci-info: |   lo   |  True |          ::1/128           |       .       |  host  |         .         |
[   21.429169] cloud-init[679]: ci-info: +--------+-------+----------------------------+---------------+--------+-------------------+
[   21.432425] cloud-init[679]: ci-info: ++++++++++++++++++++++++++++Route IPv4 info+++++++++++++++++++++++++++++
[   21.435030] cloud-init[679]: ci-info: +-------+-------------+----------+-----------------+-----------+-------+
[   21.437610] cloud-init[679]: ci-info: | Route | Destination | Gateway  |     Genmask     | Interface | Flags |
[   21.440311] cloud-init[679]: ci-info: +-------+-------------+----------+-----------------+-----------+-------+
[   21.442953] cloud-init[679]: ci-info: |   0   |   0.0.0.0   | 10.0.2.2 |     0.0.0.0     |   enp0s3  |   UG  |
[   21.445689] cloud-init[679]: ci-info: |   1   |   10.0.2.0  | 0.0.0.0  |  255.255.255.0  |   enp0s3  |   U   |
[   21.448275] cloud-init[679]: ci-info: |   2   |   10.0.2.2  | 0.0.0.0  | 255.255.255.255 |   enp0s3  |   UH  |
[   21.450821] cloud-init[679]: ci-info: +-------+-------------+----------+-----------------+-----------+-------+
[   21.453477] cloud-init[679]: ci-info: +++++++++++++++++++Route IPv6 info+++++++++++++++++++
[   21.455576] cloud-init[679]: ci-info: +-------+-------------+---------+-----------+-------+
[   21.468670] cloud-init[679]: ci-info: | Route | Destination | Gateway | Interface | Flags |
[   21.472697] cloud-init[679]: ci-info: +-------+-------------+---------+-----------+-------+
[   21.478230] cloud-init[679]: ci-info: |   1   |  fe80::/64  |    ::   |   enp0s3  |   U   |
[   21.484322] cloud-init[679]: ci-info: |   3   |    local    |    ::   |   enp0s3  |   U   |
[   21.489963] cloud-init[679]: ci-info: |   4   |   ff00::/8  |    ::   |   enp0s3  |   U   |
[   21.494013] cloud-init[679]: ci-info: +-------+-------------+---------+-----------+-------+
[   22.667505] cloud-init[679]: Generating public/private rsa key pair.
[   22.670888] cloud-init[679]: Your identification has been saved in /etc/ssh/ssh_host_rsa_key.
[   22.674566] cloud-init[679]: Your public key has been saved in /etc/ssh/ssh_host_rsa_key.pub.
[   22.677258] cloud-init[679]: The key fingerprint is:
[   22.679710] cloud-init[679]: SHA256:z8S+mzhRS5jDeXhOxE81EIHX3LIGILF/lQG1Ds3jYds root@ubuntu-bionic
[   22.683955] cloud-init[679]: The key's randomart image is:
[   22.686498] cloud-init[679]: +---[RSA 2048]----+
[   22.688706] cloud-init[679]: |        oo.o=X=. |
[   22.690654] cloud-init[679]: |         o+ +o+=.|
[   22.692616] cloud-init[679]: |       ..* +..Xo |
[   22.694405] cloud-init[679]: |        Bo* .*o= |
[   22.696429] cloud-init[679]: |        SO+...+ E|
[   22.698197] cloud-init[679]: |        .=o.     |
[   22.700237] cloud-init[679]: |         .+      |
[   22.703822] cloud-init[679]: |        .. o     |
[   22.705855] cloud-init[679]: |        ..+.     |
[   22.707431] cloud-init[679]: +----[SHA256]-----+
[   22.708892] cloud-init[679]: Generating public/private dsa key pair.
[   22.710597] cloud-init[679]: Your identification has been saved in /etc/ssh/ssh_host_dsa_key.
[   22.713015] cloud-init[679]: Your public key has been saved in /etc/ssh/ssh_host_dsa_key.pub.
[   22.715620] cloud-init[679]: The key fingerprint is:
[   22.717253] cloud-init[679]: SHA256:8DzFeYCU2vJUW+tNPMfy0Ct42dAo5U5e+rD8/LyWhO0 root@ubuntu-bionic
[   22.719694] cloud-init[679]: The key's randomart image is:
[   22.721186] cloud-init[679]: +---[DSA 1024]----+
[   22.732852] cloud-init[679]: |       ..o.      |
[   22.735703] cloud-init[679]: |        o..o..   |
[[0;32m  OK  [0m] Started Initial cloud-init job (metadata service crawler).
[   22.748819] [[0;32m  OK  [0m] Reached target System Initialization.
[[0;32m  OK  [0m] Started Daily apt download activities.
[[0;32m  OK  [0m] Started Daily apt upgrade and clean activities.
[[0;32m  OK  [0m] Listening on D-Bus System Message Bus Socket.
[[0;32m  OK  [0m] Started Discard unused blocks once a week.
[[0;32m  OK  [0m] Listening on cloud-init hotplug hook socket.
[[0;32m  OK  [0m] Started Message of the Day.
[[0;32m  OK  [0m] Started Daily Cleanup of Temporary Directories.
[[0;32m  OK  [0m] Listening on UUID daemon activation socket.
[[0;32m  OK  [0m] Started ACPI Events Check.
         Starting LXD - unix socket.
         Starting Socket activation for snappy daemon.
[[0;32m  OK  [0m] Listening on ACPID Listen Socket.
[[0;32m  OK  [0m] Listening on Open-iSCSI iscsid Socket.
[[0;32m  OK  [0m] Started Ubuntu Advantage Timer for running repeated jobs.
[[0;32m  OK  [0m] Reached target Timers.
[[0;32m  OK  [0m] Started Trigger to poll for Ubuntu …(Only enabled on GCP LTS non-pro).
[[0;32m  OK  [0m] Reached target Paths.
[[0;32m  OK  [0m] Reached target Network is Online.
[[0;32m  OK  [0m] Reached target Remote File Systems (Pre).
[[0;32m  OK  [0m] Reached target Remote File Systems.
         Starting Availability of block devices...
[[0;32m  OK  [0m] Reached target Cloud-config availability.
[[0;32m  OK  [0m] Listening on LXD - unix socket.
[[0;32m  OK  [0m] Listening on Socket activation for snappy daemon.
[[0;32m  OK  [0m] Reached target Sockets.
[[0;32m  OK  [0m] Reached target Basic System.
         Starting LXD - container startup/shutdown...
         Starting Dispatcher daemon for systemd-networkd...
         Starting LSB: Record successful boot for GRUB...
[[0;32m  OK  [0m] Started Regular background program processing daemon.
[[0;32m  OK  [0m] Started Deferred execution scheduler.
[[0;32m  OK  [0m] Started D-Bus System Message Bus.
cloud-init[679]: |      .o .+o+ooo |
[   22.809473] cloud-init[679]: |      o+o..o.=*o+|
[   22.816879] cloud-init[679]: |       +S  .*oO*.|
[   22.821195] cloud-init[679]: |        .. ..X.=.|
[   22.826316] cloud-init[679]: |            o B .|
[   22.835985] cloud-init[679]: |             o.E |
[   22.839714] cloud-init[679]: |              o+=|
[   22.843280] cloud-init[679]: +----[SHA256]-----+
[   22.847773] cloud-init[679]: Generating public/private ecdsa key pair.
[   22.852775] cloud-init[679]: Your identification has been saved in /etc/ssh/ssh_host_ecdsa_key.
[   22.857406] cloud-init[679]: Your public key has been saved in /etc/ssh/ssh_host_ecdsa_key.pub.
[   22.861604] cloud-init[679]: The key fingerprint is:
[   22.870657] cloud-init[679]: SHA256:bdfeLOulH78XX4rkG378HuxlIzyfS0gQAjCgrd1msHA root@ubuntu-bionic
[   22.882085] cloud-init[679]: The key's randomart image is:
[   22.886462] cloud-init[679]: +---[ECDSA 256]---+
[   22.890460] cloud-init[679]: |   ..o.... .     |
[   22.894957] cloud-init[679]: |  o   .   . .    |
[   22.899893] cloud-init[679]: | o E       .     |
[   22.904024] cloud-init[679]: |  = +    .  ..   |
[   22.908839] cloud-init[679]: | . o +  S o ...  |
[   22.913666] cloud-init[679]: |    o    . .+.o+.|
[   22.920058] cloud-init[679]: |           o.BoBX|
[   22.924692] cloud-init[679]: |           .o.X*X|
[   22.928399] cloud-init[679]: |            o++XO|
[   22.932014] cloud-init[679]: +----[SHA256]-----+
[   22.935796] cloud-init[679]: Generating public/private ed25519 key pair.
[   22.941251] cloud-init[679]: Your identification has been saved in /etc/ssh/ssh_host_ed25519_key.
[   22.945982] cloud-init[679]: Your public key has been saved in /etc/ssh/ssh_host_ed25519_key.pub.
[   22.950780] cloud-init[679]: The key fingerprint is:
[   22.954607] cloud-init[679]: SHA256:Xwv7/BVtpqopH2FZEJ5ylMPNr2SVMRIs0f9L/Oxa2Sw root@ubuntu-bionic
[   22.959250] cloud-init[679]: The key's randomart image is:
[   22.962908] cloud-init[679]: +--[ED25519 256]--+
[   22.966354] cloud-init[679]: |         .=Oo.oo |
[   22.973236] cloud-init[679]: |         o=o=.o. |         Starting Login Service...
         Starting Virtualbox guest utils...
         Starting LSB: automatic crash report generation...
         Starting Pollinate to seed the pseudo random number generator...

         Starting Permit User Sessions...
[[0;32m  OK  [0m] Started FUSE filesystem for LXC.
[[0;32m  OK  [0m] Started irqbalance daemon.
         Starting System Logging Service...
         Starting Accounts Service...
[   23.048921] cloud-init[679]: |        . +o.+   |
[   23.095566] cloud-init[679]: |         o oo o .|
[   23.103621] cloud-init[679]: |        S =o...o+|
[   23.120798] cloud-init[679]: |         o =.. B=|
[   23.149147] cloud-init[679]: |          + . EoB|
[   23.165591] cloud-init[679]: |        .  = . =o|
[   23.177632] cloud-init[679]: |         o+.+.oo.|
[   23.186030] cloud-init[679]: +----[SHA256]-----+
         Starting Snap Daemon...
[[0;32m  OK  [0m] Started System Logging Service.
[[0;32m  OK  [0m] Started Availability of block devices.
[[0;32m  OK  [0m] Started Permit User Sessions.
         Starting Terminate Plymouth Boot Screen...
         Starting Hold until boot process finishes up...
[[0;32m  OK  [0m] Started Hold until boot process finishes up.
[[0;32m  OK  [0m] Started Terminate Plymouth Boot Screen.
[[0;32m  OK  [0m] Started LXD - container startup/shutdown.
[[0;32m  OK  [0m] Started Login Service.
[[0;32m  OK  [0m] Started Unattended Upgrades Shutdown.
         Starting Set console scheme...
[[0;32m  OK  [0m] Started Serial Getty on ttyS0.
[[0;32m  OK  [0m] Started Set console scheme.
[[0;32m  OK  [0m] Created slice system-getty.slice.
[[0;32m  OK  [0m] Started Getty on tty1.
[[0;32m  OK  [0m] Reached target Login Prompts.
[[0;32m  OK  [0m] Started LSB: automatic crash report generation.
[[0;32m  OK  [0m] Started LSB: Record successful boot for GRUB.
         Starting Authorization Manager...
[[0;32m  OK  [0m] Started Authorization Manager.
[[0;32m  OK  [0m] Started Accounts Service.
[[0;32m  OK  [0m] Started Virtualbox guest utils.
[[0;32m  OK  [0m] Started Dispatcher daemon for systemd-networkd.
[[0;32m  OK  [0m] Started Pollinate to seed the pseudo random number generator.
         Starting OpenBSD Secure Shell server...
[[0;32m  OK  [0m] Started OpenBSD Secure Shell server.
[[0;32m  OK  [0m] Started Snap Daemon.
         Starting Wait until snapd is fully seeded...
[[0;32m  OK  [0m] Created slice User Slice of vagrant.
         Starting User Manager for UID 1000...
[[0;32m  OK  [0m] Started Session 1 of user vagrant.
[[0;32m  OK  [0m] Started User Manager for UID 1000.
[[0;32m  OK  [0m] Started Wait until snapd is fully seeded.
         Starting Apply the settings specified in cloud-config...
[[0;32m  OK  [0m] Reached target Multi-User System.
[[0;32m  OK  [0m] Reached target Graphical Interface.
         Starting Update UTMP about System Runlevel Changes...
[[0;32m  OK  [0m] Started Update UTMP about System Runlevel Changes.
[   28.597653] cloud-init[1137]: Cloud-init v. 21.3-1-g6803368d-0ubuntu1~18.04.4 running 'modules:config' at Wed, 08 Dec 2021 17:48:50 +0000. Up 26.83 seconds.
ci-info: no authorized SSH keys fingerprints found for user ubuntu.
<14>Dec  8 17:48:52 cloud-init: #############################################################
<14>Dec  8 17:48:52 cloud-init: -----BEGIN SSH HOST KEY FINGERPRINTS-----
<14>Dec  8 17:48:52 cloud-init: 1024 SHA256:8DzFeYCU2vJUW+tNPMfy0Ct42dAo5U5e+rD8/LyWhO0 root@ubuntu-bionic (DSA)
<14>Dec  8 17:48:52 cloud-init: 256 SHA256:bdfeLOulH78XX4rkG378HuxlIzyfS0gQAjCgrd1msHA root@ubuntu-bionic (ECDSA)
<14>Dec  8 17:48:52 cloud-init: 256 SHA256:Xwv7/BVtpqopH2FZEJ5ylMPNr2SVMRIs0f9L/Oxa2Sw root@ubuntu-bionic (ED25519)
<14>Dec  8 17:48:52 cloud-init: 2048 SHA256:z8S+mzhRS5jDeXhOxE81EIHX3LIGILF/lQG1Ds3jYds root@ubuntu-bionic (RSA)
<14>Dec  8 17:48:52 cloud-init: -----END SSH HOST KEY FINGERPRINTS-----
<14>Dec  8 17:48:52 cloud-init: #############################################################
-----BEGIN SSH HOST KEY KEYS-----
ecdsa-sha2-nistp256 AAAAE2VjZHNhLXNoYTItbmlzdHAyNTYAAAAIbmlzdHAyNTYAAABBBChl4hrw8J1Qs8R9Pc6ehvWr7EKrTKJjXurgM+9y+xKoB/23nVzseS0a2Ermna3x3caDVb4Rb6B006iSZ879zpw= root@ubuntu-bionic
ssh-ed25519 AAAAC3NzaC1lZDI1NTE5AAAAIOW/PN23Iu9owgrLrqLoKYSuk6ISVKCdb5lNVQQDa8ru root@ubuntu-bionic
ssh-rsa AAAAB3NzaC1yc2EAAAADAQABAAABAQDa0fOlw0eRnk1Oy/m8eXgQCdNN9J4Q9mcCJ2ZlQinTv4bccr00SolO9I3Ta88MAqID0bu2azjuZMSy0fBg7hYoZp4p1Oa/OfyRsloL3nOu4MObEBbHbYWWI+MpkJNr/UYVGe92AhllGYkkhmt+ca52DDgW8ZC4abCzklOkQzaAhnv8KV1Akbbbuu6JHkLJFjz/3NJvVxGlSZr4/3dL0Q6dOL3OSXMRcdZJrNS/YT7Y/VtR1ml+Xip0zbTVkn3iBLGRPXC0dGov2qyaqn9ScfV1ihBRyRGi85AKvm6I8arS2kCuK/C6HMVf5zJDaZtqBaXWDsVPhQTRt9SFo+DlOnJj root@ubuntu-bionic
-----END SSH HOST KEY KEYS-----

[   29.592606] cloud-init[1279]: Cloud-init v. 21.3-1-g6803368d-0ubuntu1~18.04.4 running 'modules:final' at Wed, 08 Dec 2021 17:48:52 +0000. Up 29.30 seconds.
[   29.593090] cloud-init[1279]: ci-info: no authorized SSH keys fingerprints found for user ubuntu.
[   29.593111] cloud-init[1279]: Cloud-init v. 21.3-1-g6803368d-0ubuntu1~18.04.4 finished at Wed, 08 Dec 2021 17:48:52 +0000. Datasource DataSourceNoCloud [seed=/dev/sdb][dsmode=net].  Up 29.51 seconds
Ubuntu 18.04.6 LTS ubuntu-bionic ttyS0

ubuntu-bionic login: 